# JRE version: OpenJDK Runtime Environment Temurin-21.0.6+7 (21.0.6+7) (build 21.0.6+7-LTS)
# Java VM: OpenJDK 64-Bit Server VM Temurin-21.0.6+7 (21.0.6+7-LTS, mixed mode, sharing, tiered, compressed oops, compressed class ptrs, parallel gc, windows-amd64)
GC Precious Log:
 CardTable entry size: 512
 CPUs: 8 total, 8 available
 Memory: 5996M
 Large Page Support: Disabled
 NUMA Support: Disabled
 Compressed Oops: Enabled (32-bit)
 Alignments: Space 512K, Generation 512K, Heap 2M
 Heap Min Capacity: 100M
 Heap Initial Capacity: 100M
 Heap Max Capacity: 1G
 Pre-touch: Disabled
 Parallel Workers: 8
Heap:
 PSYoungGen      total 22016K, used 10085K [0x00000000eab00000, 0x00000000ec200000, 0x0000000100000000)
  eden space 20480K, 43% used [0x00000000eab00000,0x00000000eb3c4910,0x00000000ebf00000)
  from space 1536K, 72% used [0x00000000ebf00000,0x00000000ec014d38,0x00000000ec080000)
  to   space 1536K, 0% used [0x00000000ec080000,0x00000000ec080000,0x00000000ec200000)
 ParOldGen       total 68608K, used 29586K [0x00000000c0000000, 0x00000000c4300000, 0x00000000eab00000)
  object space 68608K, 43% used [0x00000000c0000000,0x00000000c1ce4868,0x00000000c4300000)
 Metaspace       used 37106K, committed 38080K, reserved 1114112K
  class space    used 3664K, committed 4096K, reserved 1048576K
GC Heap History (20 events):
Event: 22.816 GC heap before
{Heap before GC invocations=12 (full 1):
 PSYoungGen      total 26624K, used 26451K [0x00000000eab00000, 0x00000000ecb00000, 0x0000000100000000)
  eden space 22528K, 100% used [0x00000000eab00000,0x00000000ec100000,0x00000000ec100000)
  from space 4096K, 95% used [0x00000000ec700000,0x00000000ecad4f58,0x00000000ecb00000)
  to   space 4608K, 0% used [0x00000000ec200000,0x00000000ec200000,0x00000000ec680000)
 ParOldGen       total 68608K, used 12916K [0x00000000c0000000, 0x00000000c4300000, 0x00000000eab00000)
  object space 68608K, 18% used [0x00000000c0000000,0x00000000c0c9d220,0x00000000c4300000)
 Metaspace       used 31841K, committed 32768K, reserved 1114112K
  class space    used 3127K, committed 3520K, reserved 1048576K
}
Event: 22.823 GC heap after
{Heap after GC invocations=12 (full 1):
 PSYoungGen      total 25088K, used 2577K [0x00000000eab00000, 0x00000000ec780000, 0x0000000100000000)
  eden space 22016K, 0% used [0x00000000eab00000,0x00000000eab00000,0x00000000ec080000)
  from space 3072K, 83% used [0x00000000ec200000,0x00000000ec484430,0x00000000ec500000)
  to   space 2560K, 0% used [0x00000000ec500000,0x00000000ec500000,0x00000000ec780000)
 ParOldGen       total 68608K, used 16659K [0x00000000c0000000, 0x00000000c4300000, 0x00000000eab00000)
  object space 68608K, 24% used [0x00000000c0000000,0x00000000c1044d60,0x00000000c4300000)
 Metaspace       used 31841K, committed 32768K, reserved 1114112K
  class space    used 3127K, committed 3520K, reserved 1048576K
}
Event: 22.981 GC heap before
{Heap before GC invocations=13 (full 1):
 PSYoungGen      total 25088K, used 24593K [0x00000000eab00000, 0x00000000ec780000, 0x0000000100000000)
  eden space 22016K, 100% used [0x00000000eab00000,0x00000000ec080000,0x00000000ec080000)
  from space 3072K, 83% used [0x00000000ec200000,0x00000000ec484430,0x00000000ec500000)
  to   space 2560K, 0% used [0x00000000ec500000,0x00000000ec500000,0x00000000ec780000)
 ParOldGen       total 68608K, used 16659K [0x00000000c0000000, 0x00000000c4300000, 0x00000000eab00000)
  object space 68608K, 24% used [0x00000000c0000000,0x00000000c1044d60,0x00000000c4300000)
 Metaspace       used 31856K, committed 32768K, reserved 1114112K
  class space    used 3127K, committed 3520K, reserved 1048576K
}
Event: 22.987 GC heap after
{Heap after GC invocations=13 (full 1):
 PSYoungGen      total 23552K, used 2530K [0x00000000eab00000, 0x00000000ecb80000, 0x0000000100000000)
  eden space 20992K, 0% used [0x00000000eab00000,0x00000000eab00000,0x00000000ebf80000)
  from space 2560K, 98% used [0x00000000ec500000,0x00000000ec778810,0x00000000ec780000)
  to   space 5632K, 0% used [0x00000000ebf80000,0x00000000ebf80000,0x00000000ec500000)
 ParOldGen       total 68608K, used 19145K [0x00000000c0000000, 0x00000000c4300000, 0x00000000eab00000)
  object space 68608K, 27% used [0x00000000c0000000,0x00000000c12b2730,0x00000000c4300000)
 Metaspace       used 31856K, committed 32768K, reserved 1114112K
  class space    used 3127K, committed 3520K, reserved 1048576K
}
Event: 23.125 GC heap before
{Heap before GC invocations=14 (full 1):
 PSYoungGen      total 23552K, used 23522K [0x00000000eab00000, 0x00000000ecb80000, 0x0000000100000000)
  eden space 20992K, 100% used [0x00000000eab00000,0x00000000ebf80000,0x00000000ebf80000)
  from space 2560K, 98% used [0x00000000ec500000,0x00000000ec778810,0x00000000ec780000)
  to   space 5632K, 0% used [0x00000000ebf80000,0x00000000ebf80000,0x00000000ec500000)
 ParOldGen       total 68608K, used 19145K [0x00000000c0000000, 0x00000000c4300000, 0x00000000eab00000)
  object space 68608K, 27% used [0x00000000c0000000,0x00000000c12b2730,0x00000000c4300000)
 Metaspace       used 31868K, committed 32832K, reserved 1114112K
  class space    used 3128K, committed 3520K, reserved 1048576K
}
Event: 23.130 GC heap after
{Heap after GC invocations=14 (full 1):
 PSYoungGen      total 23552K, used 2340K [0x00000000eab00000, 0x00000000ec680000, 0x0000000100000000)
  eden space 20992K, 0% used [0x00000000eab00000,0x00000000eab00000,0x00000000ebf80000)
  from space 2560K, 91% used [0x00000000ebf80000,0x00000000ec1c9000,0x00000000ec200000)
  to   space 3584K, 0% used [0x00000000ec300000,0x00000000ec300000,0x00000000ec680000)
 ParOldGen       total 68608K, used 21512K [0x00000000c0000000, 0x00000000c4300000, 0x00000000eab00000)
  object space 68608K, 31% used [0x00000000c0000000,0x00000000c15020f0,0x00000000c4300000)
 Metaspace       used 31868K, committed 32832K, reserved 1114112K
  class space    used 3128K, committed 3520K, reserved 1048576K
}
Event: 23.842 GC heap before
{Heap before GC invocations=15 (full 1):
 PSYoungGen      total 23552K, used 23332K [0x00000000eab00000, 0x00000000ec680000, 0x0000000100000000)
  eden space 20992K, 100% used [0x00000000eab00000,0x00000000ebf80000,0x00000000ebf80000)
  from space 2560K, 91% used [0x00000000ebf80000,0x00000000ec1c9000,0x00000000ec200000)
  to   space 3584K, 0% used [0x00000000ec300000,0x00000000ec300000,0x00000000ec680000)
 ParOldGen       total 68608K, used 21512K [0x00000000c0000000, 0x00000000c4300000, 0x00000000eab00000)
  object space 68608K, 31% used [0x00000000c0000000,0x00000000c15020f0,0x00000000c4300000)
 Metaspace       used 31931K, committed 32832K, reserved 1114112K
  class space    used 3129K, committed 3520K, reserved 1048576K
}
Event: 23.848 GC heap after
{Heap after GC invocations=15 (full 1):
 PSYoungGen      total 23552K, used 2432K [0x00000000eab00000, 0x00000000ec580000, 0x0000000100000000)
  eden space 20992K, 0% used [0x00000000eab00000,0x00000000eab00000,0x00000000ebf80000)
  from space 2560K, 95% used [0x00000000ec300000,0x00000000ec560010,0x00000000ec580000)
  to   space 3072K, 0% used [0x00000000ebf80000,0x00000000ebf80000,0x00000000ec280000)
 ParOldGen       total 68608K, used 23736K [0x00000000c0000000, 0x00000000c4300000, 0x00000000eab00000)
  object space 68608K, 34% used [0x00000000c0000000,0x00000000c172e1f0,0x00000000c4300000)
 Metaspace       used 31931K, committed 32832K, reserved 1114112K
  class space    used 3129K, committed 3520K, reserved 1048576K
}
Event: 24.511 GC heap before
{Heap before GC invocations=16 (full 1):
 PSYoungGen      total 23552K, used 23424K [0x00000000eab00000, 0x00000000ec580000, 0x0000000100000000)
  eden space 20992K, 100% used [0x00000000eab00000,0x00000000ebf80000,0x00000000ebf80000)
  from space 2560K, 95% used [0x00000000ec300000,0x00000000ec560010,0x00000000ec580000)
  to   space 3072K, 0% used [0x00000000ebf80000,0x00000000ebf80000,0x00000000ec280000)
 ParOldGen       total 68608K, used 23736K [0x00000000c0000000, 0x00000000c4300000, 0x00000000eab00000)
  object space 68608K, 34% used [0x00000000c0000000,0x00000000c172e1f0,0x00000000c4300000)
 Metaspace       used 32259K, committed 33216K, reserved 1114112K
  class space    used 3167K, committed 3584K, reserved 1048576K
}
Event: 24.517 GC heap after
{Heap after GC invocations=16 (full 1):
 PSYoungGen      total 23552K, used 2216K [0x00000000eab00000, 0x00000000ec480000, 0x0000000100000000)
  eden space 20992K, 0% used [0x00000000eab00000,0x00000000eab00000,0x00000000ebf80000)
  from space 2560K, 86% used [0x00000000ebf80000,0x00000000ec1aa210,0x00000000ec200000)
  to   space 2560K, 0% used [0x00000000ec200000,0x00000000ec200000,0x00000000ec480000)
 ParOldGen       total 68608K, used 26040K [0x00000000c0000000, 0x00000000c4300000, 0x00000000eab00000)
  object space 68608K, 37% used [0x00000000c0000000,0x00000000c196e200,0x00000000c4300000)
 Metaspace       used 32259K, committed 33216K, reserved 1114112K
  class space    used 3167K, committed 3584K, reserved 1048576K
}
Event: 27.197 GC heap before
{Heap before GC invocations=17 (full 1):
 PSYoungGen      total 23552K, used 23208K [0x00000000eab00000, 0x00000000ec480000, 0x0000000100000000)
  eden space 20992K, 100% used [0x00000000eab00000,0x00000000ebf80000,0x00000000ebf80000)
  from space 2560K, 86% used [0x00000000ebf80000,0x00000000ec1aa210,0x00000000ec200000)
  to   space 2560K, 0% used [0x00000000ec200000,0x00000000ec200000,0x00000000ec480000)
 ParOldGen       total 68608K, used 26040K [0x00000000c0000000, 0x00000000c4300000, 0x00000000eab00000)
  object space 68608K, 37% used [0x00000000c0000000,0x00000000c196e200,0x00000000c4300000)
 Metaspace       used 34056K, committed 35008K, reserved 1114112K
  class space    used 3410K, committed 3840K, reserved 1048576K
}
Event: 27.202 GC heap after
{Heap after GC invocations=17 (full 1):
 PSYoungGen      total 22016K, used 869K [0x00000000eab00000, 0x00000000ec300000, 0x0000000100000000)
  eden space 20992K, 0% used [0x00000000eab00000,0x00000000eab00000,0x00000000ebf80000)
  from space 1024K, 84% used [0x00000000ec200000,0x00000000ec2d9578,0x00000000ec300000)
  to   space 1536K, 0% used [0x00000000ec000000,0x00000000ec000000,0x00000000ec180000)
 ParOldGen       total 68608K, used 27914K [0x00000000c0000000, 0x00000000c4300000, 0x00000000eab00000)
  object space 68608K, 40% used [0x00000000c0000000,0x00000000c1b429d8,0x00000000c4300000)
 Metaspace       used 34056K, committed 35008K, reserved 1114112K
  class space    used 3410K, committed 3840K, reserved 1048576K
}
Event: 28.576 GC heap before
{Heap before GC invocations=18 (full 1):
 PSYoungGen      total 22016K, used 15521K [0x00000000eab00000, 0x00000000ec300000, 0x0000000100000000)
  eden space 20992K, 69% used [0x00000000eab00000,0x00000000eb94f0e8,0x00000000ebf80000)
  from space 1024K, 84% used [0x00000000ec200000,0x00000000ec2d9578,0x00000000ec300000)
  to   space 1536K, 0% used [0x00000000ec000000,0x00000000ec000000,0x00000000ec180000)
 ParOldGen       total 68608K, used 27914K [0x00000000c0000000, 0x00000000c4300000, 0x00000000eab00000)
  object space 68608K, 40% used [0x00000000c0000000,0x00000000c1b429d8,0x00000000c4300000)
 Metaspace       used 34922K, committed 35840K, reserved 1114112K
  class space    used 3487K, committed 3904K, reserved 1048576K
}
Event: 28.578 GC heap after
{Heap after GC invocations=18 (full 1):
 PSYoungGen      total 22528K, used 384K [0x00000000eab00000, 0x00000000ec280000, 0x0000000100000000)
  eden space 20992K, 0% used [0x00000000eab00000,0x00000000eab00000,0x00000000ebf80000)
  from space 1536K, 25% used [0x00000000ec000000,0x00000000ec060010,0x00000000ec180000)
  to   space 1024K, 0% used [0x00000000ec180000,0x00000000ec180000,0x00000000ec280000)
 ParOldGen       total 68608K, used 28610K [0x00000000c0000000, 0x00000000c4300000, 0x00000000eab00000)
  object space 68608K, 41% used [0x00000000c0000000,0x00000000c1bf0888,0x00000000c4300000)
 Metaspace       used 34922K, committed 35840K, reserved 1114112K
  class space    used 3487K, committed 3904K, reserved 1048576K
}
Event: 28.578 GC heap before
{Heap before GC invocations=19 (full 2):
 PSYoungGen      total 22528K, used 384K [0x00000000eab00000, 0x00000000ec280000, 0x0000000100000000)
  eden space 20992K, 0% used [0x00000000eab00000,0x00000000eab00000,0x00000000ebf80000)
  from space 1536K, 25% used [0x00000000ec000000,0x00000000ec060010,0x00000000ec180000)
  to   space 1024K, 0% used [0x00000000ec180000,0x00000000ec180000,0x00000000ec280000)
 ParOldGen       total 68608K, used 28610K [0x00000000c0000000, 0x00000000c4300000, 0x00000000eab00000)
  object space 68608K, 41% used [0x00000000c0000000,0x00000000c1bf0888,0x00000000c4300000)
 Metaspace       used 34922K, committed 35840K, reserved 1114112K
  class space    used 3487K, committed 3904K, reserved 1048576K
}
Event: 28.669 GC heap after
{Heap after GC invocations=19 (full 2):
 PSYoungGen      total 22528K, used 0K [0x00000000eab00000, 0x00000000ec280000, 0x0000000100000000)
  eden space 20992K, 0% used [0x00000000eab00000,0x00000000eab00000,0x00000000ebf80000)
  from space 1536K, 0% used [0x00000000ec000000,0x00000000ec000000,0x00000000ec180000)
  to   space 1024K, 0% used [0x00000000ec180000,0x00000000ec180000,0x00000000ec280000)
 ParOldGen       total 68608K, used 27630K [0x00000000c0000000, 0x00000000c4300000, 0x00000000eab00000)
  object space 68608K, 40% used [0x00000000c0000000,0x00000000c1afb928,0x00000000c4300000)
 Metaspace       used 34899K, committed 35840K, reserved 1114112K
  class space    used 3480K, committed 3904K, reserved 1048576K
}
Event: 29.871 GC heap before
{Heap before GC invocations=20 (full 2):
 PSYoungGen      total 22528K, used 20945K [0x00000000eab00000, 0x00000000ec280000, 0x0000000100000000)
  eden space 20992K, 99% used [0x00000000eab00000,0x00000000ebf74570,0x00000000ebf80000)
  from space 1536K, 0% used [0x00000000ec000000,0x00000000ec000000,0x00000000ec180000)
  to   space 1024K, 0% used [0x00000000ec180000,0x00000000ec180000,0x00000000ec280000)
 ParOldGen       total 68608K, used 27630K [0x00000000c0000000, 0x00000000c4300000, 0x00000000eab00000)
  object space 68608K, 40% used [0x00000000c0000000,0x00000000c1afb928,0x00000000c4300000)
 Metaspace       used 37049K, committed 37952K, reserved 1114112K
  class space    used 3657K, committed 4032K, reserved 1048576K
}
Event: 29.874 GC heap after
{Heap after GC invocations=20 (full 2):
 PSYoungGen      total 21504K, used 1000K [0x00000000eab00000, 0x00000000ec480000, 0x0000000100000000)
  eden space 20480K, 0% used [0x00000000eab00000,0x00000000eab00000,0x00000000ebf00000)
  from space 1024K, 97% used [0x00000000ec180000,0x00000000ec27a0d0,0x00000000ec280000)
  to   space 2560K, 0% used [0x00000000ebf00000,0x00000000ebf00000,0x00000000ec180000)
 ParOldGen       total 68608K, used 28656K [0x00000000c0000000, 0x00000000c4300000, 0x00000000eab00000)
  object space 68608K, 41% used [0x00000000c0000000,0x00000000c1bfc258,0x00000000c4300000)
 Metaspace       used 37049K, committed 37952K, reserved 1114112K
  class space    used 3657K, committed 4032K, reserved 1048576K
}
Event: 30.069 GC heap before
{Heap before GC invocations=21 (full 2):
 PSYoungGen      total 21504K, used 21480K [0x00000000eab00000, 0x00000000ec480000, 0x0000000100000000)
  eden space 20480K, 100% used [0x00000000eab00000,0x00000000ebf00000,0x00000000ebf00000)
  from space 1024K, 97% used [0x00000000ec180000,0x00000000ec27a0d0,0x00000000ec280000)
  to   space 2560K, 0% used [0x00000000ebf00000,0x00000000ebf00000,0x00000000ec180000)
 ParOldGen       total 68608K, used 28656K [0x00000000c0000000, 0x00000000c4300000, 0x00000000eab00000)
  object space 68608K, 41% used [0x00000000c0000000,0x00000000c1bfc258,0x00000000c4300000)
 Metaspace       used 37072K, committed 38016K, reserved 1114112K
  class space    used 3657K, committed 4032K, reserved 1048576K
}
Event: 30.071 GC heap after
{Heap after GC invocations=21 (full 2):
 PSYoungGen      total 22016K, used 1107K [0x00000000eab00000, 0x00000000ec200000, 0x0000000100000000)
  eden space 20480K, 0% used [0x00000000eab00000,0x00000000eab00000,0x00000000ebf00000)
  from space 1536K, 72% used [0x00000000ebf00000,0x00000000ec014d38,0x00000000ec080000)
  to   space 1536K, 0% used [0x00000000ec080000,0x00000000ec080000,0x00000000ec200000)
 ParOldGen       total 68608K, used 29586K [0x00000000c0000000, 0x00000000c4300000, 0x00000000eab00000)
  object space 68608K, 43% used [0x00000000c0000000,0x00000000c1ce4868,0x00000000c4300000)
 Metaspace       used 37072K, committed 38016K, reserved 1114112K
  class space    used 3657K, committed 4032K, reserved 1048576K
}

