# JRE version: OpenJDK Runtime Environment Temurin-21.0.6+7 (21.0.6+7) (build 21.0.6+7-LTS)
# Java VM: OpenJDK 64-Bit Server VM Temurin-21.0.6+7 (21.0.6+7-LTS, mixed mode, sharing, tiered, compressed oops, compressed class ptrs, parallel gc, windows-amd64)
GC Precious Log:
 CardTable entry size: 512
 CPUs: 8 total, 8 available
 Memory: 5996M
 Large Page Support: Disabled
 NUMA Support: Disabled
 Compressed Oops: Enabled (32-bit)
 Alignments: Space 512K, Generation 512K, Heap 2M
 Heap Min Capacity: 100M
 Heap Initial Capacity: 100M
 Heap Max Capacity: 1G
 Pre-touch: Disabled
 Parallel Workers: 8
Heap:
 PSYoungGen      total 18432K, used 2954K [0x00000000eab00000, 0x00000000ec900000, 0x0000000100000000)
  eden space 17408K, 11% used [0x00000000eab00000,0x00000000eace6658,0x00000000ebc00000)
  from space 1024K, 98% used [0x00000000ebd00000,0x00000000ebdfc490,0x00000000ebe00000)
  to   space 6656K, 0% used [0x00000000ec280000,0x00000000ec280000,0x00000000ec900000)
 ParOldGen       total 68608K, used 54879K [0x00000000c0000000, 0x00000000c4300000, 0x00000000eab00000)
  object space 68608K, 79% used [0x00000000c0000000,0x00000000c3597e98,0x00000000c4300000)
 Metaspace       used 56902K, committed 58240K, reserved 1114112K
  class space    used 5931K, committed 6464K, reserved 1048576K
GC Heap History (20 events):
Event: 11.971 GC heap before
{Heap before GC invocations=26 (full 2):
 PSYoungGen      total 22528K, used 22509K [0x00000000eab00000, 0x00000000ec400000, 0x0000000100000000)
  eden space 20480K, 100% used [0x00000000eab00000,0x00000000ebf00000,0x00000000ebf00000)
  from space 2048K, 99% used [0x00000000ebf00000,0x00000000ec0fb510,0x00000000ec100000)
  to   space 2560K, 0% used [0x00000000ec180000,0x00000000ec180000,0x00000000ec400000)
 ParOldGen       total 68608K, used 34593K [0x00000000c0000000, 0x00000000c4300000, 0x00000000eab00000)
  object space 68608K, 50% used [0x00000000c0000000,0x00000000c21c86c0,0x00000000c4300000)
 Metaspace       used 47638K, committed 48896K, reserved 1114112K
  class space    used 5003K, committed 5568K, reserved 1048576K
}
Event: 11.976 GC heap after
{Heap after GC invocations=26 (full 2):
 PSYoungGen      total 22016K, used 1392K [0x00000000eab00000, 0x00000000ec300000, 0x0000000100000000)
  eden space 20480K, 0% used [0x00000000eab00000,0x00000000eab00000,0x00000000ebf00000)
  from space 1536K, 90% used [0x00000000ec180000,0x00000000ec2dc010,0x00000000ec300000)
  to   space 2048K, 0% used [0x00000000ebf00000,0x00000000ebf00000,0x00000000ec100000)
 ParOldGen       total 68608K, used 36441K [0x00000000c0000000, 0x00000000c4300000, 0x00000000eab00000)
  object space 68608K, 53% used [0x00000000c0000000,0x00000000c23964d8,0x00000000c4300000)
 Metaspace       used 47638K, committed 48896K, reserved 1114112K
  class space    used 5003K, committed 5568K, reserved 1048576K
}
Event: 12.346 GC heap before
{Heap before GC invocations=27 (full 2):
 PSYoungGen      total 22016K, used 21872K [0x00000000eab00000, 0x00000000ec300000, 0x0000000100000000)
  eden space 20480K, 100% used [0x00000000eab00000,0x00000000ebf00000,0x00000000ebf00000)
  from space 1536K, 90% used [0x00000000ec180000,0x00000000ec2dc010,0x00000000ec300000)
  to   space 2048K, 0% used [0x00000000ebf00000,0x00000000ebf00000,0x00000000ec100000)
 ParOldGen       total 68608K, used 36441K [0x00000000c0000000, 0x00000000c4300000, 0x00000000eab00000)
  object space 68608K, 53% used [0x00000000c0000000,0x00000000c23964d8,0x00000000c4300000)
 Metaspace       used 49852K, committed 51136K, reserved 1114112K
  class space    used 5237K, committed 5824K, reserved 1048576K
}
Event: 12.349 GC heap after
{Heap after GC invocations=27 (full 2):
 PSYoungGen      total 22528K, used 1803K [0x00000000eab00000, 0x00000000ec300000, 0x0000000100000000)
  eden space 20480K, 0% used [0x00000000eab00000,0x00000000eab00000,0x00000000ebf00000)
  from space 2048K, 88% used [0x00000000ebf00000,0x00000000ec0c2c18,0x00000000ec100000)
  to   space 2048K, 0% used [0x00000000ec100000,0x00000000ec100000,0x00000000ec300000)
 ParOldGen       total 68608K, used 37673K [0x00000000c0000000, 0x00000000c4300000, 0x00000000eab00000)
  object space 68608K, 54% used [0x00000000c0000000,0x00000000c24ca448,0x00000000c4300000)
 Metaspace       used 49852K, committed 51136K, reserved 1114112K
  class space    used 5237K, committed 5824K, reserved 1048576K
}
Event: 13.033 GC heap before
{Heap before GC invocations=28 (full 2):
 PSYoungGen      total 22528K, used 22283K [0x00000000eab00000, 0x00000000ec300000, 0x0000000100000000)
  eden space 20480K, 100% used [0x00000000eab00000,0x00000000ebf00000,0x00000000ebf00000)
  from space 2048K, 88% used [0x00000000ebf00000,0x00000000ec0c2c18,0x00000000ec100000)
  to   space 2048K, 0% used [0x00000000ec100000,0x00000000ec100000,0x00000000ec300000)
 ParOldGen       total 68608K, used 37673K [0x00000000c0000000, 0x00000000c4300000, 0x00000000eab00000)
  object space 68608K, 54% used [0x00000000c0000000,0x00000000c24ca448,0x00000000c4300000)
 Metaspace       used 51465K, committed 52672K, reserved 1114112K
  class space    used 5432K, committed 5952K, reserved 1048576K
}
Event: 13.037 GC heap after
{Heap after GC invocations=28 (full 2):
 PSYoungGen      total 22528K, used 1764K [0x00000000eab00000, 0x00000000ec300000, 0x0000000100000000)
  eden space 20480K, 0% used [0x00000000eab00000,0x00000000eab00000,0x00000000ebf00000)
  from space 2048K, 86% used [0x00000000ec100000,0x00000000ec2b9190,0x00000000ec300000)
  to   space 2048K, 0% used [0x00000000ebf00000,0x00000000ebf00000,0x00000000ec100000)
 ParOldGen       total 68608K, used 39252K [0x00000000c0000000, 0x00000000c4300000, 0x00000000eab00000)
  object space 68608K, 57% used [0x00000000c0000000,0x00000000c2655308,0x00000000c4300000)
 Metaspace       used 51465K, committed 52672K, reserved 1114112K
  class space    used 5432K, committed 5952K, reserved 1048576K
}
Event: 13.744 GC heap before
{Heap before GC invocations=29 (full 2):
 PSYoungGen      total 22528K, used 22244K [0x00000000eab00000, 0x00000000ec300000, 0x0000000100000000)
  eden space 20480K, 100% used [0x00000000eab00000,0x00000000ebf00000,0x00000000ebf00000)
  from space 2048K, 86% used [0x00000000ec100000,0x00000000ec2b9190,0x00000000ec300000)
  to   space 2048K, 0% used [0x00000000ebf00000,0x00000000ebf00000,0x00000000ec100000)
 ParOldGen       total 68608K, used 39252K [0x00000000c0000000, 0x00000000c4300000, 0x00000000eab00000)
  object space 68608K, 57% used [0x00000000c0000000,0x00000000c2655308,0x00000000c4300000)
 Metaspace       used 52153K, committed 53440K, reserved 1114112K
  class space    used 5508K, committed 6080K, reserved 1048576K
}
Event: 13.750 GC heap after
{Heap after GC invocations=29 (full 2):
 PSYoungGen      total 22528K, used 1835K [0x00000000eab00000, 0x00000000ec300000, 0x0000000100000000)
  eden space 20480K, 0% used [0x00000000eab00000,0x00000000eab00000,0x00000000ebf00000)
  from space 2048K, 89% used [0x00000000ebf00000,0x00000000ec0cac00,0x00000000ec100000)
  to   space 2048K, 0% used [0x00000000ec100000,0x00000000ec100000,0x00000000ec300000)
 ParOldGen       total 68608K, used 40936K [0x00000000c0000000, 0x00000000c4300000, 0x00000000eab00000)
  object space 68608K, 59% used [0x00000000c0000000,0x00000000c27fa0d8,0x00000000c4300000)
 Metaspace       used 52153K, committed 53440K, reserved 1114112K
  class space    used 5508K, committed 6080K, reserved 1048576K
}
Event: 14.159 GC heap before
{Heap before GC invocations=30 (full 2):
 PSYoungGen      total 22528K, used 22315K [0x00000000eab00000, 0x00000000ec300000, 0x0000000100000000)
  eden space 20480K, 100% used [0x00000000eab00000,0x00000000ebf00000,0x00000000ebf00000)
  from space 2048K, 89% used [0x00000000ebf00000,0x00000000ec0cac00,0x00000000ec100000)
  to   space 2048K, 0% used [0x00000000ec100000,0x00000000ec100000,0x00000000ec300000)
 ParOldGen       total 68608K, used 40936K [0x00000000c0000000, 0x00000000c4300000, 0x00000000eab00000)
  object space 68608K, 59% used [0x00000000c0000000,0x00000000c27fa0d8,0x00000000c4300000)
 Metaspace       used 53004K, committed 54272K, reserved 1114112K
  class space    used 5591K, committed 6144K, reserved 1048576K
}
Event: 14.166 GC heap after
{Heap after GC invocations=30 (full 2):
 PSYoungGen      total 19456K, used 2041K [0x00000000eab00000, 0x00000000ec900000, 0x0000000100000000)
  eden space 17408K, 0% used [0x00000000eab00000,0x00000000eab00000,0x00000000ebc00000)
  from space 2048K, 99% used [0x00000000ec100000,0x00000000ec2fe750,0x00000000ec300000)
  to   space 5120K, 0% used [0x00000000ebc00000,0x00000000ebc00000,0x00000000ec100000)
 ParOldGen       total 68608K, used 43155K [0x00000000c0000000, 0x00000000c4300000, 0x00000000eab00000)
  object space 68608K, 62% used [0x00000000c0000000,0x00000000c2a24d78,0x00000000c4300000)
 Metaspace       used 53004K, committed 54272K, reserved 1114112K
  class space    used 5591K, committed 6144K, reserved 1048576K
}
Event: 14.658 GC heap before
{Heap before GC invocations=31 (full 2):
 PSYoungGen      total 19456K, used 19426K [0x00000000eab00000, 0x00000000ec900000, 0x0000000100000000)
  eden space 17408K, 99% used [0x00000000eab00000,0x00000000ebbfa248,0x00000000ebc00000)
  from space 2048K, 99% used [0x00000000ec100000,0x00000000ec2fe750,0x00000000ec300000)
  to   space 5120K, 0% used [0x00000000ebc00000,0x00000000ebc00000,0x00000000ec100000)
 ParOldGen       total 68608K, used 43155K [0x00000000c0000000, 0x00000000c4300000, 0x00000000eab00000)
  object space 68608K, 62% used [0x00000000c0000000,0x00000000c2a24d78,0x00000000c4300000)
 Metaspace       used 54301K, committed 55552K, reserved 1114112K
  class space    used 5686K, committed 6208K, reserved 1048576K
}
Event: 14.664 GC heap after
{Heap after GC invocations=31 (full 2):
 PSYoungGen      total 20992K, used 3383K [0x00000000eab00000, 0x00000000ec400000, 0x0000000100000000)
  eden space 17408K, 0% used [0x00000000eab00000,0x00000000eab00000,0x00000000ebc00000)
  from space 3584K, 94% used [0x00000000ebc00000,0x00000000ebf4dea8,0x00000000ebf80000)
  to   space 4096K, 0% used [0x00000000ec000000,0x00000000ec000000,0x00000000ec400000)
 ParOldGen       total 68608K, used 45125K [0x00000000c0000000, 0x00000000c4300000, 0x00000000eab00000)
  object space 68608K, 65% used [0x00000000c0000000,0x00000000c2c114d0,0x00000000c4300000)
 Metaspace       used 54301K, committed 55552K, reserved 1114112K
  class space    used 5686K, committed 6208K, reserved 1048576K
}
Event: 15.033 GC heap before
{Heap before GC invocations=32 (full 2):
 PSYoungGen      total 20992K, used 20788K [0x00000000eab00000, 0x00000000ec400000, 0x0000000100000000)
  eden space 17408K, 99% used [0x00000000eab00000,0x00000000ebbff520,0x00000000ebc00000)
  from space 3584K, 94% used [0x00000000ebc00000,0x00000000ebf4dea8,0x00000000ebf80000)
  to   space 4096K, 0% used [0x00000000ec000000,0x00000000ec000000,0x00000000ec400000)
 ParOldGen       total 68608K, used 45125K [0x00000000c0000000, 0x00000000c4300000, 0x00000000eab00000)
  object space 68608K, 65% used [0x00000000c0000000,0x00000000c2c114d0,0x00000000c4300000)
 Metaspace       used 55259K, committed 56512K, reserved 1114112K
  class space    used 5800K, committed 6336K, reserved 1048576K
}
Event: 15.040 GC heap after
{Heap after GC invocations=32 (full 2):
 PSYoungGen      total 20480K, used 2917K [0x00000000eab00000, 0x00000000ec300000, 0x0000000100000000)
  eden space 17408K, 0% used [0x00000000eab00000,0x00000000eab00000,0x00000000ebc00000)
  from space 3072K, 94% used [0x00000000ec000000,0x00000000ec2d94d8,0x00000000ec300000)
  to   space 3584K, 0% used [0x00000000ebc00000,0x00000000ebc00000,0x00000000ebf80000)
 ParOldGen       total 68608K, used 48284K [0x00000000c0000000, 0x00000000c4300000, 0x00000000eab00000)
  object space 68608K, 70% used [0x00000000c0000000,0x00000000c2f27290,0x00000000c4300000)
 Metaspace       used 55259K, committed 56512K, reserved 1114112K
  class space    used 5800K, committed 6336K, reserved 1048576K
}
Event: 15.127 GC heap before
{Heap before GC invocations=33 (full 2):
 PSYoungGen      total 20480K, used 20325K [0x00000000eab00000, 0x00000000ec300000, 0x0000000100000000)
  eden space 17408K, 100% used [0x00000000eab00000,0x00000000ebc00000,0x00000000ebc00000)
  from space 3072K, 94% used [0x00000000ec000000,0x00000000ec2d94d8,0x00000000ec300000)
  to   space 3584K, 0% used [0x00000000ebc00000,0x00000000ebc00000,0x00000000ebf80000)
 ParOldGen       total 68608K, used 48284K [0x00000000c0000000, 0x00000000c4300000, 0x00000000eab00000)
  object space 68608K, 70% used [0x00000000c0000000,0x00000000c2f27290,0x00000000c4300000)
 Metaspace       used 55285K, committed 56576K, reserved 1114112K
  class space    used 5800K, committed 6336K, reserved 1048576K
}
Event: 15.130 GC heap after
{Heap after GC invocations=33 (full 2):
 PSYoungGen      total 18432K, used 854K [0x00000000eab00000, 0x00000000ec080000, 0x0000000100000000)
  eden space 17408K, 0% used [0x00000000eab00000,0x00000000eab00000,0x00000000ebc00000)
  from space 1024K, 83% used [0x00000000ebc00000,0x00000000ebcd5918,0x00000000ebd00000)
  to   space 2048K, 0% used [0x00000000ebe80000,0x00000000ebe80000,0x00000000ec080000)
 ParOldGen       total 68608K, used 50170K [0x00000000c0000000, 0x00000000c4300000, 0x00000000eab00000)
  object space 68608K, 73% used [0x00000000c0000000,0x00000000c30fea58,0x00000000c4300000)
 Metaspace       used 55285K, committed 56576K, reserved 1114112K
  class space    used 5800K, committed 6336K, reserved 1048576K
}
Event: 15.266 GC heap before
{Heap before GC invocations=34 (full 2):
 PSYoungGen      total 18432K, used 18262K [0x00000000eab00000, 0x00000000ec080000, 0x0000000100000000)
  eden space 17408K, 100% used [0x00000000eab00000,0x00000000ebc00000,0x00000000ebc00000)
  from space 1024K, 83% used [0x00000000ebc00000,0x00000000ebcd5918,0x00000000ebd00000)
  to   space 2048K, 0% used [0x00000000ebe80000,0x00000000ebe80000,0x00000000ec080000)
 ParOldGen       total 68608K, used 50170K [0x00000000c0000000, 0x00000000c4300000, 0x00000000eab00000)
  object space 68608K, 73% used [0x00000000c0000000,0x00000000c30fea58,0x00000000c4300000)
 Metaspace       used 56208K, committed 57472K, reserved 1114112K
  class space    used 5887K, committed 6400K, reserved 1048576K
}
Event: 15.267 GC heap after
{Heap after GC invocations=34 (full 2):
 PSYoungGen      total 17920K, used 480K [0x00000000eab00000, 0x00000000ebf00000, 0x0000000100000000)
  eden space 17408K, 0% used [0x00000000eab00000,0x00000000eab00000,0x00000000ebc00000)
  from space 512K, 93% used [0x00000000ebe80000,0x00000000ebef8000,0x00000000ebf00000)
  to   space 1024K, 0% used [0x00000000ebd00000,0x00000000ebd00000,0x00000000ebe00000)
 ParOldGen       total 68608K, used 50226K [0x00000000c0000000, 0x00000000c4300000, 0x00000000eab00000)
  object space 68608K, 73% used [0x00000000c0000000,0x00000000c310ca58,0x00000000c4300000)
 Metaspace       used 56208K, committed 57472K, reserved 1114112K
  class space    used 5887K, committed 6400K, reserved 1048576K
}
Event: 15.676 GC heap before
{Heap before GC invocations=35 (full 2):
 PSYoungGen      total 17920K, used 17888K [0x00000000eab00000, 0x00000000ebf00000, 0x0000000100000000)
  eden space 17408K, 100% used [0x00000000eab00000,0x00000000ebc00000,0x00000000ebc00000)
  from space 512K, 93% used [0x00000000ebe80000,0x00000000ebef8000,0x00000000ebf00000)
  to   space 1024K, 0% used [0x00000000ebd00000,0x00000000ebd00000,0x00000000ebe00000)
 ParOldGen       total 68608K, used 50226K [0x00000000c0000000, 0x00000000c4300000, 0x00000000eab00000)
  object space 68608K, 73% used [0x00000000c0000000,0x00000000c310ca58,0x00000000c4300000)
 Metaspace       used 56871K, committed 58176K, reserved 1114112K
  class space    used 5931K, committed 6464K, reserved 1048576K
}
Event: 15.681 GC heap after
{Heap after GC invocations=35 (full 2):
 PSYoungGen      total 18432K, used 1009K [0x00000000eab00000, 0x00000000ec900000, 0x0000000100000000)
  eden space 17408K, 0% used [0x00000000eab00000,0x00000000eab00000,0x00000000ebc00000)
  from space 1024K, 98% used [0x00000000ebd00000,0x00000000ebdfc490,0x00000000ebe00000)
  to   space 6656K, 0% used [0x00000000ec280000,0x00000000ec280000,0x00000000ec900000)
 ParOldGen       total 68608K, used 54879K [0x00000000c0000000, 0x00000000c4300000, 0x00000000eab00000)
  object space 68608K, 79% used [0x00000000c0000000,0x00000000c3597e98,0x00000000c4300000)
 Metaspace       used 56871K, committed 58176K, reserved 1114112K
  class space    used 5931K, committed 6464K, reserved 1048576K
}

