# JRE version: OpenJDK Runtime Environment Temurin-21.0.6+7 (21.0.6+7) (build 21.0.6+7-LTS)
# Java VM: OpenJDK 64-Bit Server VM Temurin-21.0.6+7 (21.0.6+7-LTS, mixed mode, sharing, tiered, compressed oops, compressed class ptrs, parallel gc, windows-amd64)
GC Precious Log:
 CardTable entry size: 512
 CPUs: 8 total, 8 available
 Memory: 5996M
 Large Page Support: Disabled
 NUMA Support: Disabled
 Compressed Oops: Enabled (32-bit)
 Alignments: Space 512K, Generation 512K, Heap 2M
 Heap Min Capacity: 100M
 Heap Initial Capacity: 100M
 Heap Max Capacity: 1G
 Pre-touch: Disabled
 Parallel Workers: 8
Heap:
 PSYoungGen      total 9728K, used 3173K [0x00000000eab00000, 0x00000000eb680000, 0x0000000100000000)
  eden space 7680K, 16% used [0x00000000eab00000,0x00000000eac392e0,0x00000000eb280000)
  from space 2048K, 93% used [0x00000000eb300000,0x00000000eb4e0370,0x00000000eb500000)
  to   space 1536K, 0% used [0x00000000eb500000,0x00000000eb500000,0x00000000eb680000)
 ParOldGen       total 159744K, used 159307K [0x00000000c0000000, 0x00000000c9c00000, 0x00000000eab00000)
  object space 159744K, 99% used [0x00000000c0000000,0x00000000c9b92f10,0x00000000c9c00000)
 Metaspace       used 59787K, committed 61184K, reserved 1114112K
  class space    used 6168K, committed 6784K, reserved 1048576K
GC Heap History (20 events):
Event: 25.664 GC heap before
{Heap before GC invocations=90 (full 3):
 PSYoungGen      total 9728K, used 9422K [0x00000000eab00000, 0x00000000eb680000, 0x0000000100000000)
  eden space 7680K, 100% used [0x00000000eab00000,0x00000000eb280000,0x00000000eb280000)
  from space 2048K, 85% used [0x00000000eb480000,0x00000000eb633ab8,0x00000000eb680000)
  to   space 2048K, 0% used [0x00000000eb280000,0x00000000eb280000,0x00000000eb480000)
 ParOldGen       total 140800K, used 140544K [0x00000000c0000000, 0x00000000c8980000, 0x00000000eab00000)
  object space 140800K, 99% used [0x00000000c0000000,0x00000000c8940140,0x00000000c8980000)
 Metaspace       used 59660K, committed 61120K, reserved 1114112K
  class space    used 6143K, committed 6784K, reserved 1048576K
}
Event: 25.668 GC heap after
{Heap after GC invocations=90 (full 3):
 PSYoungGen      total 9728K, used 1624K [0x00000000eab00000, 0x00000000eb680000, 0x0000000100000000)
  eden space 7680K, 0% used [0x00000000eab00000,0x00000000eab00000,0x00000000eb280000)
  from space 2048K, 79% used [0x00000000eb280000,0x00000000eb4160f8,0x00000000eb480000)
  to   space 2048K, 0% used [0x00000000eb480000,0x00000000eb480000,0x00000000eb680000)
 ParOldGen       total 142336K, used 142163K [0x00000000c0000000, 0x00000000c8b00000, 0x00000000eab00000)
  object space 142336K, 99% used [0x00000000c0000000,0x00000000c8ad4fc8,0x00000000c8b00000)
 Metaspace       used 59660K, committed 61120K, reserved 1114112K
  class space    used 6143K, committed 6784K, reserved 1048576K
}
Event: 25.706 GC heap before
{Heap before GC invocations=91 (full 3):
 PSYoungGen      total 9728K, used 9304K [0x00000000eab00000, 0x00000000eb680000, 0x0000000100000000)
  eden space 7680K, 100% used [0x00000000eab00000,0x00000000eb280000,0x00000000eb280000)
  from space 2048K, 79% used [0x00000000eb280000,0x00000000eb4160f8,0x00000000eb480000)
  to   space 2048K, 0% used [0x00000000eb480000,0x00000000eb480000,0x00000000eb680000)
 ParOldGen       total 142336K, used 142163K [0x00000000c0000000, 0x00000000c8b00000, 0x00000000eab00000)
  object space 142336K, 99% used [0x00000000c0000000,0x00000000c8ad4fc8,0x00000000c8b00000)
 Metaspace       used 59660K, committed 61120K, reserved 1114112K
  class space    used 6143K, committed 6784K, reserved 1048576K
}
Event: 25.711 GC heap after
{Heap after GC invocations=91 (full 3):
 PSYoungGen      total 9728K, used 1871K [0x00000000eab00000, 0x00000000eb680000, 0x0000000100000000)
  eden space 7680K, 0% used [0x00000000eab00000,0x00000000eab00000,0x00000000eb280000)
  from space 2048K, 91% used [0x00000000eb480000,0x00000000eb653d48,0x00000000eb680000)
  to   space 2048K, 0% used [0x00000000eb280000,0x00000000eb280000,0x00000000eb480000)
 ParOldGen       total 143872K, used 143679K [0x00000000c0000000, 0x00000000c8c80000, 0x00000000eab00000)
  object space 143872K, 99% used [0x00000000c0000000,0x00000000c8c4fed8,0x00000000c8c80000)
 Metaspace       used 59660K, committed 61120K, reserved 1114112K
  class space    used 6143K, committed 6784K, reserved 1048576K
}
Event: 25.752 GC heap before
{Heap before GC invocations=92 (full 3):
 PSYoungGen      total 9728K, used 9551K [0x00000000eab00000, 0x00000000eb680000, 0x0000000100000000)
  eden space 7680K, 100% used [0x00000000eab00000,0x00000000eb280000,0x00000000eb280000)
  from space 2048K, 91% used [0x00000000eb480000,0x00000000eb653d48,0x00000000eb680000)
  to   space 2048K, 0% used [0x00000000eb280000,0x00000000eb280000,0x00000000eb480000)
 ParOldGen       total 143872K, used 143679K [0x00000000c0000000, 0x00000000c8c80000, 0x00000000eab00000)
  object space 143872K, 99% used [0x00000000c0000000,0x00000000c8c4fed8,0x00000000c8c80000)
 Metaspace       used 59688K, committed 61120K, reserved 1114112K
  class space    used 6153K, committed 6784K, reserved 1048576K
}
Event: 25.757 GC heap after
{Heap after GC invocations=92 (full 3):
 PSYoungGen      total 9728K, used 1912K [0x00000000eab00000, 0x00000000eb680000, 0x0000000100000000)
  eden space 7680K, 0% used [0x00000000eab00000,0x00000000eab00000,0x00000000eb280000)
  from space 2048K, 93% used [0x00000000eb280000,0x00000000eb45e280,0x00000000eb480000)
  to   space 2048K, 0% used [0x00000000eb480000,0x00000000eb480000,0x00000000eb680000)
 ParOldGen       total 145920K, used 145447K [0x00000000c0000000, 0x00000000c8e80000, 0x00000000eab00000)
  object space 145920K, 99% used [0x00000000c0000000,0x00000000c8e09de8,0x00000000c8e80000)
 Metaspace       used 59688K, committed 61120K, reserved 1114112K
  class space    used 6153K, committed 6784K, reserved 1048576K
}
Event: 25.836 GC heap before
{Heap before GC invocations=93 (full 3):
 PSYoungGen      total 9728K, used 9592K [0x00000000eab00000, 0x00000000eb680000, 0x0000000100000000)
  eden space 7680K, 100% used [0x00000000eab00000,0x00000000eb280000,0x00000000eb280000)
  from space 2048K, 93% used [0x00000000eb280000,0x00000000eb45e280,0x00000000eb480000)
  to   space 2048K, 0% used [0x00000000eb480000,0x00000000eb480000,0x00000000eb680000)
 ParOldGen       total 145920K, used 145447K [0x00000000c0000000, 0x00000000c8e80000, 0x00000000eab00000)
  object space 145920K, 99% used [0x00000000c0000000,0x00000000c8e09de8,0x00000000c8e80000)
 Metaspace       used 59746K, committed 61184K, reserved 1114112K
  class space    used 6161K, committed 6784K, reserved 1048576K
}
Event: 25.842 GC heap after
{Heap after GC invocations=93 (full 3):
 PSYoungGen      total 9728K, used 1732K [0x00000000eab00000, 0x00000000eb680000, 0x0000000100000000)
  eden space 7680K, 0% used [0x00000000eab00000,0x00000000eab00000,0x00000000eb280000)
  from space 2048K, 84% used [0x00000000eb480000,0x00000000eb631010,0x00000000eb680000)
  to   space 2048K, 0% used [0x00000000eb280000,0x00000000eb280000,0x00000000eb480000)
 ParOldGen       total 147456K, used 147147K [0x00000000c0000000, 0x00000000c9000000, 0x00000000eab00000)
  object space 147456K, 99% used [0x00000000c0000000,0x00000000c8fb2d90,0x00000000c9000000)
 Metaspace       used 59746K, committed 61184K, reserved 1114112K
  class space    used 6161K, committed 6784K, reserved 1048576K
}
Event: 25.900 GC heap before
{Heap before GC invocations=94 (full 3):
 PSYoungGen      total 9728K, used 9412K [0x00000000eab00000, 0x00000000eb680000, 0x0000000100000000)
  eden space 7680K, 100% used [0x00000000eab00000,0x00000000eb280000,0x00000000eb280000)
  from space 2048K, 84% used [0x00000000eb480000,0x00000000eb631010,0x00000000eb680000)
  to   space 2048K, 0% used [0x00000000eb280000,0x00000000eb280000,0x00000000eb480000)
 ParOldGen       total 147456K, used 147147K [0x00000000c0000000, 0x00000000c9000000, 0x00000000eab00000)
  object space 147456K, 99% used [0x00000000c0000000,0x00000000c8fb2d90,0x00000000c9000000)
 Metaspace       used 59746K, committed 61184K, reserved 1114112K
  class space    used 6161K, committed 6784K, reserved 1048576K
}
Event: 25.906 GC heap after
{Heap after GC invocations=94 (full 3):
 PSYoungGen      total 9728K, used 1842K [0x00000000eab00000, 0x00000000eb680000, 0x0000000100000000)
  eden space 7680K, 0% used [0x00000000eab00000,0x00000000eab00000,0x00000000eb280000)
  from space 2048K, 89% used [0x00000000eb280000,0x00000000eb44c910,0x00000000eb480000)
  to   space 2048K, 0% used [0x00000000eb480000,0x00000000eb480000,0x00000000eb680000)
 ParOldGen       total 148992K, used 148713K [0x00000000c0000000, 0x00000000c9180000, 0x00000000eab00000)
  object space 148992K, 99% used [0x00000000c0000000,0x00000000c913a630,0x00000000c9180000)
 Metaspace       used 59746K, committed 61184K, reserved 1114112K
  class space    used 6161K, committed 6784K, reserved 1048576K
}
Event: 25.951 GC heap before
{Heap before GC invocations=95 (full 3):
 PSYoungGen      total 9728K, used 9522K [0x00000000eab00000, 0x00000000eb680000, 0x0000000100000000)
  eden space 7680K, 100% used [0x00000000eab00000,0x00000000eb280000,0x00000000eb280000)
  from space 2048K, 89% used [0x00000000eb280000,0x00000000eb44c910,0x00000000eb480000)
  to   space 2048K, 0% used [0x00000000eb480000,0x00000000eb480000,0x00000000eb680000)
 ParOldGen       total 148992K, used 148713K [0x00000000c0000000, 0x00000000c9180000, 0x00000000eab00000)
  object space 148992K, 99% used [0x00000000c0000000,0x00000000c913a630,0x00000000c9180000)
 Metaspace       used 59748K, committed 61184K, reserved 1114112K
  class space    used 6161K, committed 6784K, reserved 1048576K
}
Event: 25.955 GC heap after
{Heap after GC invocations=95 (full 3):
 PSYoungGen      total 9728K, used 1896K [0x00000000eab00000, 0x00000000eb680000, 0x0000000100000000)
  eden space 7680K, 0% used [0x00000000eab00000,0x00000000eab00000,0x00000000eb280000)
  from space 2048K, 92% used [0x00000000eb480000,0x00000000eb65a3c0,0x00000000eb680000)
  to   space 2048K, 0% used [0x00000000eb280000,0x00000000eb280000,0x00000000eb480000)
 ParOldGen       total 150528K, used 150449K [0x00000000c0000000, 0x00000000c9300000, 0x00000000eab00000)
  object space 150528K, 99% used [0x00000000c0000000,0x00000000c92ec690,0x00000000c9300000)
 Metaspace       used 59748K, committed 61184K, reserved 1114112K
  class space    used 6161K, committed 6784K, reserved 1048576K
}
Event: 26.119 GC heap before
{Heap before GC invocations=96 (full 3):
 PSYoungGen      total 9728K, used 9576K [0x00000000eab00000, 0x00000000eb680000, 0x0000000100000000)
  eden space 7680K, 100% used [0x00000000eab00000,0x00000000eb280000,0x00000000eb280000)
  from space 2048K, 92% used [0x00000000eb480000,0x00000000eb65a3c0,0x00000000eb680000)
  to   space 2048K, 0% used [0x00000000eb280000,0x00000000eb280000,0x00000000eb480000)
 ParOldGen       total 150528K, used 150449K [0x00000000c0000000, 0x00000000c9300000, 0x00000000eab00000)
  object space 150528K, 99% used [0x00000000c0000000,0x00000000c92ec690,0x00000000c9300000)
 Metaspace       used 59758K, committed 61184K, reserved 1114112K
  class space    used 6161K, committed 6784K, reserved 1048576K
}
Event: 26.128 GC heap after
{Heap after GC invocations=96 (full 3):
 PSYoungGen      total 9728K, used 2038K [0x00000000eab00000, 0x00000000ebb80000, 0x0000000100000000)
  eden space 7680K, 0% used [0x00000000eab00000,0x00000000eab00000,0x00000000eb280000)
  from space 2048K, 99% used [0x00000000eb280000,0x00000000eb47db10,0x00000000eb480000)
  to   space 4608K, 0% used [0x00000000eb700000,0x00000000eb700000,0x00000000ebb80000)
 ParOldGen       total 152576K, used 152262K [0x00000000c0000000, 0x00000000c9500000, 0x00000000eab00000)
  object space 152576K, 99% used [0x00000000c0000000,0x00000000c94b1ad0,0x00000000c9500000)
 Metaspace       used 59758K, committed 61184K, reserved 1114112K
  class space    used 6161K, committed 6784K, reserved 1048576K
}
Event: 26.328 GC heap before
{Heap before GC invocations=97 (full 3):
 PSYoungGen      total 9728K, used 9718K [0x00000000eab00000, 0x00000000ebb80000, 0x0000000100000000)
  eden space 7680K, 100% used [0x00000000eab00000,0x00000000eb280000,0x00000000eb280000)
  from space 2048K, 99% used [0x00000000eb280000,0x00000000eb47db10,0x00000000eb480000)
  to   space 4608K, 0% used [0x00000000eb700000,0x00000000eb700000,0x00000000ebb80000)
 ParOldGen       total 152576K, used 152262K [0x00000000c0000000, 0x00000000c9500000, 0x00000000eab00000)
  object space 152576K, 99% used [0x00000000c0000000,0x00000000c94b1ad0,0x00000000c9500000)
 Metaspace       used 59758K, committed 61184K, reserved 1114112K
  class space    used 6161K, committed 6784K, reserved 1048576K
}
Event: 26.335 GC heap after
{Heap after GC invocations=97 (full 3):
 PSYoungGen      total 9728K, used 1991K [0x00000000eab00000, 0x00000000eb900000, 0x0000000100000000)
  eden space 7680K, 0% used [0x00000000eab00000,0x00000000eab00000,0x00000000eb280000)
  from space 2048K, 97% used [0x00000000eb700000,0x00000000eb8f1da8,0x00000000eb900000)
  to   space 3072K, 0% used [0x00000000eb300000,0x00000000eb300000,0x00000000eb600000)
 ParOldGen       total 154624K, used 154127K [0x00000000c0000000, 0x00000000c9700000, 0x00000000eab00000)
  object space 154624K, 99% used [0x00000000c0000000,0x00000000c9683dc0,0x00000000c9700000)
 Metaspace       used 59758K, committed 61184K, reserved 1114112K
  class space    used 6161K, committed 6784K, reserved 1048576K
}
Event: 26.447 GC heap before
{Heap before GC invocations=98 (full 3):
 PSYoungGen      total 9728K, used 9671K [0x00000000eab00000, 0x00000000eb900000, 0x0000000100000000)
  eden space 7680K, 100% used [0x00000000eab00000,0x00000000eb280000,0x00000000eb280000)
  from space 2048K, 97% used [0x00000000eb700000,0x00000000eb8f1da8,0x00000000eb900000)
  to   space 3072K, 0% used [0x00000000eb300000,0x00000000eb300000,0x00000000eb600000)
 ParOldGen       total 154624K, used 154127K [0x00000000c0000000, 0x00000000c9700000, 0x00000000eab00000)
  object space 154624K, 99% used [0x00000000c0000000,0x00000000c9683dc0,0x00000000c9700000)
 Metaspace       used 59787K, committed 61184K, reserved 1114112K
  class space    used 6168K, committed 6784K, reserved 1048576K
}
Event: 26.452 GC heap after
{Heap after GC invocations=98 (full 3):
 PSYoungGen      total 9728K, used 1820K [0x00000000eab00000, 0x00000000eb780000, 0x0000000100000000)
  eden space 7680K, 0% used [0x00000000eab00000,0x00000000eab00000,0x00000000eb280000)
  from space 2048K, 88% used [0x00000000eb300000,0x00000000eb4c71a8,0x00000000eb500000)
  to   space 2048K, 0% used [0x00000000eb580000,0x00000000eb580000,0x00000000eb780000)
 ParOldGen       total 156160K, used 155926K [0x00000000c0000000, 0x00000000c9880000, 0x00000000eab00000)
  object space 156160K, 99% used [0x00000000c0000000,0x00000000c9845930,0x00000000c9880000)
 Metaspace       used 59787K, committed 61184K, reserved 1114112K
  class space    used 6168K, committed 6784K, reserved 1048576K
}
Event: 26.521 GC heap before
{Heap before GC invocations=99 (full 3):
 PSYoungGen      total 9728K, used 9500K [0x00000000eab00000, 0x00000000eb780000, 0x0000000100000000)
  eden space 7680K, 100% used [0x00000000eab00000,0x00000000eb280000,0x00000000eb280000)
  from space 2048K, 88% used [0x00000000eb300000,0x00000000eb4c71a8,0x00000000eb500000)
  to   space 2048K, 0% used [0x00000000eb580000,0x00000000eb580000,0x00000000eb780000)
 ParOldGen       total 156160K, used 155926K [0x00000000c0000000, 0x00000000c9880000, 0x00000000eab00000)
  object space 156160K, 99% used [0x00000000c0000000,0x00000000c9845930,0x00000000c9880000)
 Metaspace       used 59787K, committed 61184K, reserved 1114112K
  class space    used 6168K, committed 6784K, reserved 1048576K
}
Event: 26.526 GC heap after
{Heap after GC invocations=99 (full 3):
 PSYoungGen      total 9728K, used 1976K [0x00000000eab00000, 0x00000000eb780000, 0x0000000100000000)
  eden space 7680K, 0% used [0x00000000eab00000,0x00000000eab00000,0x00000000eb280000)
  from space 2048K, 96% used [0x00000000eb580000,0x00000000eb76e078,0x00000000eb780000)
  to   space 2048K, 0% used [0x00000000eb300000,0x00000000eb300000,0x00000000eb500000)
 ParOldGen       total 157696K, used 157537K [0x00000000c0000000, 0x00000000c9a00000, 0x00000000eab00000)
  object space 157696K, 99% used [0x00000000c0000000,0x00000000c99d8500,0x00000000c9a00000)
 Metaspace       used 59787K, committed 61184K, reserved 1114112K
  class space    used 6168K, committed 6784K, reserved 1048576K
}

