# JRE version: OpenJDK Runtime Environment Temurin-17.0.15+6 (17.0.15+6) (build 17.0.15+6)
# Java VM: OpenJDK 64-Bit Server VM Temurin-17.0.15+6 (17.0.15+6, mixed mode, emulated-client, sharing, tiered, compressed oops, compressed class ptrs, g1 gc, windows-amd64)
GC Precious Log:
 CPUs: 8 total, 8 available
 Memory: 5996M
 Large Page Support: Disabled
 NUMA Support: Disabled
 Compressed Oops: Enabled (32-bit)
 Heap Region Size: 1M
 Heap Min Capacity: 8M
 Heap Initial Capacity: 94M
 Heap Max Capacity: 1500M
 Pre-touch: Disabled
 Parallel Workers: 8
 Concurrent Workers: 2
 Concurrent Refinement Workers: 8
 Periodic GC: Disabled
Heap:
 garbage-first heap   total 65536K, used 20244K [0x00000000a2400000, 0x0000000100000000)
  region size 1024K, 4 young (4096K), 4 survivors (4096K)
 Metaspace       used 39630K, committed 40896K, reserved 1114112K
  class space    used 5730K, committed 6144K, reserved 1048576K
GC Heap History (20 events):
Event: 9080.334 GC heap after
{Heap after GC invocations=171 (full 18):
 garbage-first heap   total 73728K, used 28369K [0x00000000a2400000, 0x0000000100000000)
  region size 1024K, 2 young (2048K), 2 survivors (2048K)
 Metaspace       used 40242K, committed 41088K, reserved 1114112K
  class space    used 5836K, committed 6144K, reserved 1048576K
}
Event: 9082.257 GC heap before
{Heap before GC invocations=171 (full 18):
 garbage-first heap   total 73728K, used 58065K [0x00000000a2400000, 0x0000000100000000)
  region size 1024K, 31 young (31744K), 2 survivors (2048K)
 Metaspace       used 40276K, committed 41088K, reserved 1114112K
  class space    used 5841K, committed 6144K, reserved 1048576K
}
Event: 9082.264 GC heap after
{Heap after GC invocations=172 (full 18):
 garbage-first heap   total 73728K, used 30073K [0x00000000a2400000, 0x0000000100000000)
  region size 1024K, 4 young (4096K), 4 survivors (4096K)
 Metaspace       used 40276K, committed 41088K, reserved 1114112K
  class space    used 5841K, committed 6144K, reserved 1048576K
}
Event: 9082.822 GC heap before
{Heap before GC invocations=172 (full 18):
 garbage-first heap   total 73728K, used 57721K [0x00000000a2400000, 0x0000000100000000)
  region size 1024K, 31 young (31744K), 4 survivors (4096K)
 Metaspace       used 40311K, committed 41088K, reserved 1114112K
  class space    used 5849K, committed 6144K, reserved 1048576K
}
Event: 9082.842 GC heap after
{Heap after GC invocations=173 (full 18):
 garbage-first heap   total 73728K, used 30259K [0x00000000a2400000, 0x0000000100000000)
  region size 1024K, 2 young (2048K), 2 survivors (2048K)
 Metaspace       used 40311K, committed 41088K, reserved 1114112K
  class space    used 5849K, committed 6144K, reserved 1048576K
}
Event: 9111.570 GC heap before
{Heap before GC invocations=173 (full 18):
 garbage-first heap   total 73728K, used 56883K [0x00000000a2400000, 0x0000000100000000)
  region size 1024K, 29 young (29696K), 2 survivors (2048K)
 Metaspace       used 40335K, committed 41088K, reserved 1114112K
  class space    used 5854K, committed 6144K, reserved 1048576K
}
Event: 9111.618 GC heap after
{Heap after GC invocations=174 (full 18):
 garbage-first heap   total 73728K, used 31898K [0x00000000a2400000, 0x0000000100000000)
  region size 1024K, 3 young (3072K), 3 survivors (3072K)
 Metaspace       used 40335K, committed 41088K, reserved 1114112K
  class space    used 5854K, committed 6144K, reserved 1048576K
}
Event: 9112.508 GC heap before
{Heap before GC invocations=174 (full 18):
 garbage-first heap   total 73728K, used 57498K [0x00000000a2400000, 0x0000000100000000)
  region size 1024K, 29 young (29696K), 3 survivors (3072K)
 Metaspace       used 40416K, committed 41088K, reserved 1114112K
  class space    used 5866K, committed 6144K, reserved 1048576K
}
Event: 9112.519 GC heap after
{Heap after GC invocations=175 (full 18):
 garbage-first heap   total 73728K, used 33250K [0x00000000a2400000, 0x0000000100000000)
  region size 1024K, 4 young (4096K), 4 survivors (4096K)
 Metaspace       used 40416K, committed 41088K, reserved 1114112K
  class space    used 5866K, committed 6144K, reserved 1048576K
}
Event: 9112.919 GC heap before
{Heap before GC invocations=176 (full 18):
 garbage-first heap   total 73728K, used 57826K [0x00000000a2400000, 0x0000000100000000)
  region size 1024K, 29 young (29696K), 4 survivors (4096K)
 Metaspace       used 40402K, committed 41088K, reserved 1114112K
  class space    used 5863K, committed 6144K, reserved 1048576K
}
Event: 9112.924 GC heap after
{Heap after GC invocations=177 (full 18):
 garbage-first heap   total 73728K, used 33686K [0x00000000a2400000, 0x0000000100000000)
  region size 1024K, 4 young (4096K), 4 survivors (4096K)
 Metaspace       used 40402K, committed 41088K, reserved 1114112K
  class space    used 5863K, committed 6144K, reserved 1048576K
}
Event: 9112.929 GC heap before
{Heap before GC invocations=177 (full 18):
 garbage-first heap   total 73728K, used 34710K [0x00000000a2400000, 0x0000000100000000)
  region size 1024K, 5 young (5120K), 4 survivors (4096K)
 Metaspace       used 40402K, committed 41088K, reserved 1114112K
  class space    used 5863K, committed 6144K, reserved 1048576K
}
Event: 9112.938 GC heap after
{Heap after GC invocations=178 (full 18):
 garbage-first heap   total 73728K, used 29248K [0x00000000a2400000, 0x0000000100000000)
  region size 1024K, 1 young (1024K), 1 survivors (1024K)
 Metaspace       used 40402K, committed 41088K, reserved 1114112K
  class space    used 5863K, committed 6144K, reserved 1048576K
}
Event: 9154.734 GC heap before
{Heap before GC invocations=178 (full 18):
 garbage-first heap   total 73728K, used 57920K [0x00000000a2400000, 0x0000000100000000)
  region size 1024K, 29 young (29696K), 1 survivors (1024K)
 Metaspace       used 40402K, committed 41088K, reserved 1114112K
  class space    used 5863K, committed 6144K, reserved 1048576K
}
Event: 9154.789 GC heap after
{Heap after GC invocations=179 (full 18):
 garbage-first heap   total 73728K, used 29087K [0x00000000a2400000, 0x0000000100000000)
  region size 1024K, 1 young (1024K), 1 survivors (1024K)
 Metaspace       used 40402K, committed 41088K, reserved 1114112K
  class space    used 5863K, committed 6144K, reserved 1048576K
}
Event: 9204.839 GC heap before
{Heap before GC invocations=179 (full 18):
 garbage-first heap   total 73728K, used 58783K [0x00000000a2400000, 0x0000000100000000)
  region size 1024K, 30 young (30720K), 1 survivors (1024K)
 Metaspace       used 40402K, committed 41088K, reserved 1114112K
  class space    used 5863K, committed 6144K, reserved 1048576K
}
Event: 9204.847 GC heap after
{Heap after GC invocations=180 (full 18):
 garbage-first heap   total 73728K, used 29095K [0x00000000a2400000, 0x0000000100000000)
  region size 1024K, 1 young (1024K), 1 survivors (1024K)
 Metaspace       used 40402K, committed 41088K, reserved 1114112K
  class space    used 5863K, committed 6144K, reserved 1048576K
}
Event: 9245.070 GC heap before
{Heap before GC invocations=180 (full 18):
 garbage-first heap   total 73728K, used 52647K [0x00000000a2400000, 0x0000000100000000)
  region size 1024K, 25 young (25600K), 1 survivors (1024K)
 Metaspace       used 40404K, committed 41088K, reserved 1114112K
  class space    used 5864K, committed 6144K, reserved 1048576K
}
Event: 9245.491 GC heap after
{Heap after GC invocations=181 (full 19):
 garbage-first heap   total 65536K, used 16755K [0x00000000a2400000, 0x0000000100000000)
  region size 1024K, 0 young (0K), 0 survivors (0K)
 Metaspace       used 39613K, committed 40896K, reserved 1114112K
  class space    used 5728K, committed 6144K, reserved 1048576K
}
Event: 9247.560 GC heap before
{Heap before GC invocations=181 (full 19):
 garbage-first heap   total 65536K, used 50547K [0x00000000a2400000, 0x0000000100000000)
  region size 1024K, 33 young (33792K), 0 survivors (0K)
 Metaspace       used 39630K, committed 40896K, reserved 1114112K
  class space    used 5730K, committed 6144K, reserved 1048576K
}

