# JRE version: OpenJDK Runtime Environment Temurin-21.0.7+6 (21.0.7+6) (build 21.0.7+6-LTS)
# Java VM: OpenJDK 64-Bit Server VM Temurin-21.0.7+6 (21.0.7+6-LTS, mixed mode, sharing, tiered, compressed oops, compressed class ptrs, parallel gc, windows-amd64)
GC Precious Log:
 CardTable entry size: 512
 CPUs: 8 total, 8 available
 Memory: 5996M
 Large Page Support: Disabled
 NUMA Support: Disabled
 Compressed Oops: Enabled (32-bit)
 Alignments: Space 512K, Generation 512K, Heap 2M
 Heap Min Capacity: 100M
 Heap Initial Capacity: 100M
 Heap Max Capacity: 1G
 Pre-touch: Disabled
 Parallel Workers: 8
Heap:
 PSYoungGen      total 6144K, used 5881K [0x00000000eab00000, 0x00000000eb280000, 0x0000000100000000)
  eden space 4608K, 100% used [0x00000000eab00000,0x00000000eaf80000,0x00000000eaf80000)
  from space 1536K, 82% used [0x00000000eb100000,0x00000000eb23e4c0,0x00000000eb280000)
  to   space 1536K, 0% used [0x00000000eaf80000,0x00000000eaf80000,0x00000000eb100000)
 ParOldGen       total 150528K, used 150126K [0x00000000c0000000, 0x00000000c9300000, 0x00000000eab00000)
  object space 150528K, 99% used [0x00000000c0000000,0x00000000c929b9f0,0x00000000c9300000)
 Metaspace       used 62646K, committed 64128K, reserved 1114112K
  class space    used 6460K, committed 7104K, reserved 1048576K
GC Heap History (20 events):
Event: 64.903 GC heap before
{Heap before GC invocations=93 (full 3):
 PSYoungGen      total 6144K, used 5958K [0x00000000eab00000, 0x00000000eb280000, 0x0000000100000000)
  eden space 4608K, 100% used [0x00000000eab00000,0x00000000eaf80000,0x00000000eaf80000)
  from space 1536K, 87% used [0x00000000eaf80000,0x00000000eb0d1a98,0x00000000eb100000)
  to   space 1536K, 0% used [0x00000000eb100000,0x00000000eb100000,0x00000000eb280000)
 ParOldGen       total 137216K, used 137174K [0x00000000c0000000, 0x00000000c8600000, 0x00000000eab00000)
  object space 137216K, 99% used [0x00000000c0000000,0x00000000c85f5a38,0x00000000c8600000)
 Metaspace       used 62503K, committed 64000K, reserved 1114112K
  class space    used 6446K, committed 7104K, reserved 1048576K
}
Event: 64.907 GC heap after
{Heap after GC invocations=93 (full 3):
 PSYoungGen      total 6144K, used 1197K [0x00000000eab00000, 0x00000000eb280000, 0x0000000100000000)
  eden space 4608K, 0% used [0x00000000eab00000,0x00000000eab00000,0x00000000eaf80000)
  from space 1536K, 77% used [0x00000000eb100000,0x00000000eb22b488,0x00000000eb280000)
  to   space 1536K, 0% used [0x00000000eaf80000,0x00000000eaf80000,0x00000000eb100000)
 ParOldGen       total 138752K, used 138407K [0x00000000c0000000, 0x00000000c8780000, 0x00000000eab00000)
  object space 138752K, 99% used [0x00000000c0000000,0x00000000c8729fb8,0x00000000c8780000)
 Metaspace       used 62503K, committed 64000K, reserved 1114112K
  class space    used 6446K, committed 7104K, reserved 1048576K
}
Event: 64.975 GC heap before
{Heap before GC invocations=94 (full 3):
 PSYoungGen      total 6144K, used 5805K [0x00000000eab00000, 0x00000000eb280000, 0x0000000100000000)
  eden space 4608K, 100% used [0x00000000eab00000,0x00000000eaf80000,0x00000000eaf80000)
  from space 1536K, 77% used [0x00000000eb100000,0x00000000eb22b488,0x00000000eb280000)
  to   space 1536K, 0% used [0x00000000eaf80000,0x00000000eaf80000,0x00000000eb100000)
 ParOldGen       total 138752K, used 138407K [0x00000000c0000000, 0x00000000c8780000, 0x00000000eab00000)
  object space 138752K, 99% used [0x00000000c0000000,0x00000000c8729fb8,0x00000000c8780000)
 Metaspace       used 62503K, committed 64000K, reserved 1114112K
  class space    used 6446K, committed 7104K, reserved 1048576K
}
Event: 64.980 GC heap after
{Heap after GC invocations=94 (full 3):
 PSYoungGen      total 6144K, used 1436K [0x00000000eab00000, 0x00000000eb280000, 0x0000000100000000)
  eden space 4608K, 0% used [0x00000000eab00000,0x00000000eab00000,0x00000000eaf80000)
  from space 1536K, 93% used [0x00000000eaf80000,0x00000000eb0e7398,0x00000000eb100000)
  to   space 1536K, 0% used [0x00000000eb100000,0x00000000eb100000,0x00000000eb280000)
 ParOldGen       total 139776K, used 139537K [0x00000000c0000000, 0x00000000c8880000, 0x00000000eab00000)
  object space 139776K, 99% used [0x00000000c0000000,0x00000000c8844628,0x00000000c8880000)
 Metaspace       used 62503K, committed 64000K, reserved 1114112K
  class space    used 6446K, committed 7104K, reserved 1048576K
}
Event: 65.020 GC heap before
{Heap before GC invocations=95 (full 3):
 PSYoungGen      total 6144K, used 6044K [0x00000000eab00000, 0x00000000eb280000, 0x0000000100000000)
  eden space 4608K, 100% used [0x00000000eab00000,0x00000000eaf80000,0x00000000eaf80000)
  from space 1536K, 93% used [0x00000000eaf80000,0x00000000eb0e7398,0x00000000eb100000)
  to   space 1536K, 0% used [0x00000000eb100000,0x00000000eb100000,0x00000000eb280000)
 ParOldGen       total 139776K, used 139537K [0x00000000c0000000, 0x00000000c8880000, 0x00000000eab00000)
  object space 139776K, 99% used [0x00000000c0000000,0x00000000c8844628,0x00000000c8880000)
 Metaspace       used 62503K, committed 64000K, reserved 1114112K
  class space    used 6446K, committed 7104K, reserved 1048576K
}
Event: 65.023 GC heap after
{Heap after GC invocations=95 (full 3):
 PSYoungGen      total 6144K, used 1266K [0x00000000eab00000, 0x00000000eb280000, 0x0000000100000000)
  eden space 4608K, 0% used [0x00000000eab00000,0x00000000eab00000,0x00000000eaf80000)
  from space 1536K, 82% used [0x00000000eb100000,0x00000000eb23cab8,0x00000000eb280000)
  to   space 1536K, 0% used [0x00000000eaf80000,0x00000000eaf80000,0x00000000eb100000)
 ParOldGen       total 141312K, used 140926K [0x00000000c0000000, 0x00000000c8a00000, 0x00000000eab00000)
  object space 141312K, 99% used [0x00000000c0000000,0x00000000c899f928,0x00000000c8a00000)
 Metaspace       used 62503K, committed 64000K, reserved 1114112K
  class space    used 6446K, committed 7104K, reserved 1048576K
}
Event: 65.096 GC heap before
{Heap before GC invocations=96 (full 3):
 PSYoungGen      total 6144K, used 5874K [0x00000000eab00000, 0x00000000eb280000, 0x0000000100000000)
  eden space 4608K, 100% used [0x00000000eab00000,0x00000000eaf80000,0x00000000eaf80000)
  from space 1536K, 82% used [0x00000000eb100000,0x00000000eb23cab8,0x00000000eb280000)
  to   space 1536K, 0% used [0x00000000eaf80000,0x00000000eaf80000,0x00000000eb100000)
 ParOldGen       total 141312K, used 140926K [0x00000000c0000000, 0x00000000c8a00000, 0x00000000eab00000)
  object space 141312K, 99% used [0x00000000c0000000,0x00000000c899f928,0x00000000c8a00000)
 Metaspace       used 62504K, committed 64000K, reserved 1114112K
  class space    used 6446K, committed 7104K, reserved 1048576K
}
Event: 65.100 GC heap after
{Heap after GC invocations=96 (full 3):
 PSYoungGen      total 6144K, used 1249K [0x00000000eab00000, 0x00000000eb280000, 0x0000000100000000)
  eden space 4608K, 0% used [0x00000000eab00000,0x00000000eab00000,0x00000000eaf80000)
  from space 1536K, 81% used [0x00000000eaf80000,0x00000000eb0b8500,0x00000000eb100000)
  to   space 1536K, 0% used [0x00000000eb100000,0x00000000eb100000,0x00000000eb280000)
 ParOldGen       total 142336K, used 142096K [0x00000000c0000000, 0x00000000c8b00000, 0x00000000eab00000)
  object space 142336K, 99% used [0x00000000c0000000,0x00000000c8ac4150,0x00000000c8b00000)
 Metaspace       used 62504K, committed 64000K, reserved 1114112K
  class space    used 6446K, committed 7104K, reserved 1048576K
}
Event: 65.171 GC heap before
{Heap before GC invocations=97 (full 3):
 PSYoungGen      total 6144K, used 5857K [0x00000000eab00000, 0x00000000eb280000, 0x0000000100000000)
  eden space 4608K, 100% used [0x00000000eab00000,0x00000000eaf80000,0x00000000eaf80000)
  from space 1536K, 81% used [0x00000000eaf80000,0x00000000eb0b8500,0x00000000eb100000)
  to   space 1536K, 0% used [0x00000000eb100000,0x00000000eb100000,0x00000000eb280000)
 ParOldGen       total 142336K, used 142096K [0x00000000c0000000, 0x00000000c8b00000, 0x00000000eab00000)
  object space 142336K, 99% used [0x00000000c0000000,0x00000000c8ac4150,0x00000000c8b00000)
 Metaspace       used 62550K, committed 64064K, reserved 1114112K
  class space    used 6449K, committed 7104K, reserved 1048576K
}
Event: 65.184 GC heap after
{Heap after GC invocations=97 (full 3):
 PSYoungGen      total 6144K, used 1322K [0x00000000eab00000, 0x00000000eb280000, 0x0000000100000000)
  eden space 4608K, 0% used [0x00000000eab00000,0x00000000eab00000,0x00000000eaf80000)
  from space 1536K, 86% used [0x00000000eb100000,0x00000000eb24a988,0x00000000eb280000)
  to   space 1536K, 0% used [0x00000000eaf80000,0x00000000eaf80000,0x00000000eb100000)
 ParOldGen       total 143360K, used 143250K [0x00000000c0000000, 0x00000000c8c00000, 0x00000000eab00000)
  object space 143360K, 99% used [0x00000000c0000000,0x00000000c8be4a40,0x00000000c8c00000)
 Metaspace       used 62550K, committed 64064K, reserved 1114112K
  class space    used 6449K, committed 7104K, reserved 1048576K
}
Event: 65.226 GC heap before
{Heap before GC invocations=98 (full 3):
 PSYoungGen      total 6144K, used 5930K [0x00000000eab00000, 0x00000000eb280000, 0x0000000100000000)
  eden space 4608K, 100% used [0x00000000eab00000,0x00000000eaf80000,0x00000000eaf80000)
  from space 1536K, 86% used [0x00000000eb100000,0x00000000eb24a988,0x00000000eb280000)
  to   space 1536K, 0% used [0x00000000eaf80000,0x00000000eaf80000,0x00000000eb100000)
 ParOldGen       total 143360K, used 143250K [0x00000000c0000000, 0x00000000c8c00000, 0x00000000eab00000)
  object space 143360K, 99% used [0x00000000c0000000,0x00000000c8be4a40,0x00000000c8c00000)
 Metaspace       used 62550K, committed 64064K, reserved 1114112K
  class space    used 6449K, committed 7104K, reserved 1048576K
}
Event: 65.229 GC heap after
{Heap after GC invocations=98 (full 3):
 PSYoungGen      total 6144K, used 1233K [0x00000000eab00000, 0x00000000eb280000, 0x0000000100000000)
  eden space 4608K, 0% used [0x00000000eab00000,0x00000000eab00000,0x00000000eaf80000)
  from space 1536K, 80% used [0x00000000eaf80000,0x00000000eb0b4570,0x00000000eb100000)
  to   space 1536K, 0% used [0x00000000eb100000,0x00000000eb100000,0x00000000eb280000)
 ParOldGen       total 144896K, used 144438K [0x00000000c0000000, 0x00000000c8d80000, 0x00000000eab00000)
  object space 144896K, 99% used [0x00000000c0000000,0x00000000c8d0d860,0x00000000c8d80000)
 Metaspace       used 62550K, committed 64064K, reserved 1114112K
  class space    used 6449K, committed 7104K, reserved 1048576K
}
Event: 65.261 GC heap before
{Heap before GC invocations=99 (full 3):
 PSYoungGen      total 6144K, used 5841K [0x00000000eab00000, 0x00000000eb280000, 0x0000000100000000)
  eden space 4608K, 100% used [0x00000000eab00000,0x00000000eaf80000,0x00000000eaf80000)
  from space 1536K, 80% used [0x00000000eaf80000,0x00000000eb0b4570,0x00000000eb100000)
  to   space 1536K, 0% used [0x00000000eb100000,0x00000000eb100000,0x00000000eb280000)
 ParOldGen       total 144896K, used 144438K [0x00000000c0000000, 0x00000000c8d80000, 0x00000000eab00000)
  object space 144896K, 99% used [0x00000000c0000000,0x00000000c8d0d860,0x00000000c8d80000)
 Metaspace       used 62550K, committed 64064K, reserved 1114112K
  class space    used 6449K, committed 7104K, reserved 1048576K
}
Event: 65.267 GC heap after
{Heap after GC invocations=99 (full 3):
 PSYoungGen      total 6144K, used 1158K [0x00000000eab00000, 0x00000000eb280000, 0x0000000100000000)
  eden space 4608K, 0% used [0x00000000eab00000,0x00000000eab00000,0x00000000eaf80000)
  from space 1536K, 75% used [0x00000000eb100000,0x00000000eb221a10,0x00000000eb280000)
  to   space 1536K, 0% used [0x00000000eaf80000,0x00000000eaf80000,0x00000000eb100000)
 ParOldGen       total 145920K, used 145547K [0x00000000c0000000, 0x00000000c8e80000, 0x00000000eab00000)
  object space 145920K, 99% used [0x00000000c0000000,0x00000000c8e22ca0,0x00000000c8e80000)
 Metaspace       used 62550K, committed 64064K, reserved 1114112K
  class space    used 6449K, committed 7104K, reserved 1048576K
}
Event: 65.324 GC heap before
{Heap before GC invocations=100 (full 3):
 PSYoungGen      total 6144K, used 5761K [0x00000000eab00000, 0x00000000eb280000, 0x0000000100000000)
  eden space 4608K, 99% used [0x00000000eab00000,0x00000000eaf7ec70,0x00000000eaf80000)
  from space 1536K, 75% used [0x00000000eb100000,0x00000000eb221a10,0x00000000eb280000)
  to   space 1536K, 0% used [0x00000000eaf80000,0x00000000eaf80000,0x00000000eb100000)
 ParOldGen       total 145920K, used 145547K [0x00000000c0000000, 0x00000000c8e80000, 0x00000000eab00000)
  object space 145920K, 99% used [0x00000000c0000000,0x00000000c8e22ca0,0x00000000c8e80000)
 Metaspace       used 62550K, committed 64064K, reserved 1114112K
  class space    used 6449K, committed 7104K, reserved 1048576K
}
Event: 65.328 GC heap after
{Heap after GC invocations=100 (full 3):
 PSYoungGen      total 6144K, used 1354K [0x00000000eab00000, 0x00000000eb280000, 0x0000000100000000)
  eden space 4608K, 0% used [0x00000000eab00000,0x00000000eab00000,0x00000000eaf80000)
  from space 1536K, 88% used [0x00000000eaf80000,0x00000000eb0d2a08,0x00000000eb100000)
  to   space 1536K, 0% used [0x00000000eb100000,0x00000000eb100000,0x00000000eb280000)
 ParOldGen       total 146944K, used 146621K [0x00000000c0000000, 0x00000000c8f80000, 0x00000000eab00000)
  object space 146944K, 99% used [0x00000000c0000000,0x00000000c8f2f4d0,0x00000000c8f80000)
 Metaspace       used 62550K, committed 64064K, reserved 1114112K
  class space    used 6449K, committed 7104K, reserved 1048576K
}
Event: 65.397 GC heap before
{Heap before GC invocations=101 (full 3):
 PSYoungGen      total 6144K, used 5962K [0x00000000eab00000, 0x00000000eb280000, 0x0000000100000000)
  eden space 4608K, 100% used [0x00000000eab00000,0x00000000eaf80000,0x00000000eaf80000)
  from space 1536K, 88% used [0x00000000eaf80000,0x00000000eb0d2a08,0x00000000eb100000)
  to   space 1536K, 0% used [0x00000000eb100000,0x00000000eb100000,0x00000000eb280000)
 ParOldGen       total 146944K, used 146621K [0x00000000c0000000, 0x00000000c8f80000, 0x00000000eab00000)
  object space 146944K, 99% used [0x00000000c0000000,0x00000000c8f2f4d0,0x00000000c8f80000)
 Metaspace       used 62550K, committed 64064K, reserved 1114112K
  class space    used 6449K, committed 7104K, reserved 1048576K
}
Event: 65.399 GC heap after
{Heap after GC invocations=101 (full 3):
 PSYoungGen      total 6144K, used 1149K [0x00000000eab00000, 0x00000000eb280000, 0x0000000100000000)
  eden space 4608K, 0% used [0x00000000eab00000,0x00000000eab00000,0x00000000eaf80000)
  from space 1536K, 74% used [0x00000000eb100000,0x00000000eb21f5a8,0x00000000eb280000)
  to   space 1536K, 0% used [0x00000000eaf80000,0x00000000eaf80000,0x00000000eb100000)
 ParOldGen       total 147968K, used 147830K [0x00000000c0000000, 0x00000000c9080000, 0x00000000eab00000)
  object space 147968K, 99% used [0x00000000c0000000,0x00000000c905db90,0x00000000c9080000)
 Metaspace       used 62550K, committed 64064K, reserved 1114112K
  class space    used 6449K, committed 7104K, reserved 1048576K
}
Event: 65.490 GC heap before
{Heap before GC invocations=102 (full 3):
 PSYoungGen      total 6144K, used 5757K [0x00000000eab00000, 0x00000000eb280000, 0x0000000100000000)
  eden space 4608K, 100% used [0x00000000eab00000,0x00000000eaf80000,0x00000000eaf80000)
  from space 1536K, 74% used [0x00000000eb100000,0x00000000eb21f5a8,0x00000000eb280000)
  to   space 1536K, 0% used [0x00000000eaf80000,0x00000000eaf80000,0x00000000eb100000)
 ParOldGen       total 147968K, used 147830K [0x00000000c0000000, 0x00000000c9080000, 0x00000000eab00000)
  object space 147968K, 99% used [0x00000000c0000000,0x00000000c905db90,0x00000000c9080000)
 Metaspace       used 62563K, committed 64064K, reserved 1114112K
  class space    used 6449K, committed 7104K, reserved 1048576K
}
Event: 65.493 GC heap after
{Heap after GC invocations=102 (full 3):
 PSYoungGen      total 6144K, used 1438K [0x00000000eab00000, 0x00000000eb280000, 0x0000000100000000)
  eden space 4608K, 0% used [0x00000000eab00000,0x00000000eab00000,0x00000000eaf80000)
  from space 1536K, 93% used [0x00000000eaf80000,0x00000000eb0e7870,0x00000000eb100000)
  to   space 1536K, 0% used [0x00000000eb100000,0x00000000eb100000,0x00000000eb280000)
 ParOldGen       total 148992K, used 148848K [0x00000000c0000000, 0x00000000c9180000, 0x00000000eab00000)
  object space 148992K, 99% used [0x00000000c0000000,0x00000000c915c2d0,0x00000000c9180000)
 Metaspace       used 62563K, committed 64064K, reserved 1114112K
  class space    used 6449K, committed 7104K, reserved 1048576K
}

