# JRE version: OpenJDK Runtime Environment Temurin-21.0.6+7 (21.0.6+7) (build 21.0.6+7-LTS)
# Java VM: OpenJDK 64-Bit Server VM Temurin-21.0.6+7 (21.0.6+7-LTS, mixed mode, sharing, tiered, compressed oops, compressed class ptrs, parallel gc, windows-amd64)
GC Precious Log:
 CardTable entry size: 512
 CPUs: 8 total, 8 available
 Memory: 5996M
 Large Page Support: Disabled
 NUMA Support: Disabled
 Compressed Oops: Enabled (32-bit)
 Alignments: Space 512K, Generation 512K, Heap 2M
 Heap Min Capacity: 100M
 Heap Initial Capacity: 100M
 Heap Max Capacity: 1G
 Pre-touch: Disabled
 Parallel Workers: 8
Heap:
 PSYoungGen      total 4096K, used 3419K [0x00000000eab00000, 0x00000000eb200000, 0x0000000100000000)
  eden space 3072K, 78% used [0x00000000eab00000,0x00000000ead587a8,0x00000000eae00000)
  from space 1024K, 99% used [0x00000000eae00000,0x00000000eaefe820,0x00000000eaf00000)
  to   space 2048K, 0% used [0x00000000eb000000,0x00000000eb000000,0x00000000eb200000)
 ParOldGen       total 384512K, used 327600K [0x00000000c0000000, 0x00000000d7780000, 0x00000000eab00000)
  object space 384512K, 85% used [0x00000000c0000000,0x00000000d3fec2b8,0x00000000d7780000)
 Metaspace       used 63216K, committed 64576K, reserved 1114112K
  class space    used 6614K, committed 7232K, reserved 1048576K
GC Heap History (20 events):
Event: 54.093 GC heap before
{Heap before GC invocations=482 (full 3):
 PSYoungGen      total 3584K, used 3568K [0x00000000eab00000, 0x00000000eb000000, 0x0000000100000000)
  eden space 3072K, 100% used [0x00000000eab00000,0x00000000eae00000,0x00000000eae00000)
  from space 512K, 96% used [0x00000000eaf00000,0x00000000eaf7c010,0x00000000eaf80000)
  to   space 1024K, 0% used [0x00000000eae00000,0x00000000eae00000,0x00000000eaf00000)
 ParOldGen       total 384512K, used 322473K [0x00000000c0000000, 0x00000000d7780000, 0x00000000eab00000)
  object space 384512K, 83% used [0x00000000c0000000,0x00000000d3aea4b8,0x00000000d7780000)
 Metaspace       used 63187K, committed 64576K, reserved 1114112K
  class space    used 6614K, committed 7232K, reserved 1048576K
}
Event: 54.099 GC heap after
{Heap after GC invocations=482 (full 3):
 PSYoungGen      total 4096K, used 640K [0x00000000eab00000, 0x00000000eb000000, 0x0000000100000000)
  eden space 3072K, 0% used [0x00000000eab00000,0x00000000eab00000,0x00000000eae00000)
  from space 1024K, 62% used [0x00000000eae00000,0x00000000eaea0000,0x00000000eaf00000)
  to   space 1024K, 0% used [0x00000000eaf00000,0x00000000eaf00000,0x00000000eb000000)
 ParOldGen       total 384512K, used 322841K [0x00000000c0000000, 0x00000000d7780000, 0x00000000eab00000)
  object space 384512K, 83% used [0x00000000c0000000,0x00000000d3b464b8,0x00000000d7780000)
 Metaspace       used 63187K, committed 64576K, reserved 1114112K
  class space    used 6614K, committed 7232K, reserved 1048576K
}
Event: 54.109 GC heap before
{Heap before GC invocations=483 (full 3):
 PSYoungGen      total 4096K, used 3712K [0x00000000eab00000, 0x00000000eb000000, 0x0000000100000000)
  eden space 3072K, 100% used [0x00000000eab00000,0x00000000eae00000,0x00000000eae00000)
  from space 1024K, 62% used [0x00000000eae00000,0x00000000eaea0000,0x00000000eaf00000)
  to   space 1024K, 0% used [0x00000000eaf00000,0x00000000eaf00000,0x00000000eb000000)
 ParOldGen       total 384512K, used 322841K [0x00000000c0000000, 0x00000000d7780000, 0x00000000eab00000)
  object space 384512K, 83% used [0x00000000c0000000,0x00000000d3b464b8,0x00000000d7780000)
 Metaspace       used 63189K, committed 64576K, reserved 1114112K
  class space    used 6614K, committed 7232K, reserved 1048576K
}
Event: 54.114 GC heap after
{Heap after GC invocations=483 (full 3):
 PSYoungGen      total 4096K, used 544K [0x00000000eab00000, 0x00000000eb000000, 0x0000000100000000)
  eden space 3072K, 0% used [0x00000000eab00000,0x00000000eab00000,0x00000000eae00000)
  from space 1024K, 53% used [0x00000000eaf00000,0x00000000eaf88000,0x00000000eb000000)
  to   space 1024K, 0% used [0x00000000eae00000,0x00000000eae00000,0x00000000eaf00000)
 ParOldGen       total 384512K, used 323375K [0x00000000c0000000, 0x00000000d7780000, 0x00000000eab00000)
  object space 384512K, 84% used [0x00000000c0000000,0x00000000d3bcbf50,0x00000000d7780000)
 Metaspace       used 63189K, committed 64576K, reserved 1114112K
  class space    used 6614K, committed 7232K, reserved 1048576K
}
Event: 54.126 GC heap before
{Heap before GC invocations=484 (full 3):
 PSYoungGen      total 4096K, used 3616K [0x00000000eab00000, 0x00000000eb000000, 0x0000000100000000)
  eden space 3072K, 100% used [0x00000000eab00000,0x00000000eae00000,0x00000000eae00000)
  from space 1024K, 53% used [0x00000000eaf00000,0x00000000eaf88000,0x00000000eb000000)
  to   space 1024K, 0% used [0x00000000eae00000,0x00000000eae00000,0x00000000eaf00000)
 ParOldGen       total 384512K, used 323375K [0x00000000c0000000, 0x00000000d7780000, 0x00000000eab00000)
  object space 384512K, 84% used [0x00000000c0000000,0x00000000d3bcbf50,0x00000000d7780000)
 Metaspace       used 63189K, committed 64576K, reserved 1114112K
  class space    used 6614K, committed 7232K, reserved 1048576K
}
Event: 54.129 GC heap after
{Heap after GC invocations=484 (full 3):
 PSYoungGen      total 4096K, used 656K [0x00000000eab00000, 0x00000000eb000000, 0x0000000100000000)
  eden space 3072K, 0% used [0x00000000eab00000,0x00000000eab00000,0x00000000eae00000)
  from space 1024K, 64% used [0x00000000eae00000,0x00000000eaea4010,0x00000000eaf00000)
  to   space 1024K, 0% used [0x00000000eaf00000,0x00000000eaf00000,0x00000000eb000000)
 ParOldGen       total 384512K, used 323783K [0x00000000c0000000, 0x00000000d7780000, 0x00000000eab00000)
  object space 384512K, 84% used [0x00000000c0000000,0x00000000d3c31f50,0x00000000d7780000)
 Metaspace       used 63189K, committed 64576K, reserved 1114112K
  class space    used 6614K, committed 7232K, reserved 1048576K
}
Event: 54.142 GC heap before
{Heap before GC invocations=485 (full 3):
 PSYoungGen      total 4096K, used 3728K [0x00000000eab00000, 0x00000000eb000000, 0x0000000100000000)
  eden space 3072K, 99% used [0x00000000eab00000,0x00000000eadffff8,0x00000000eae00000)
  from space 1024K, 64% used [0x00000000eae00000,0x00000000eaea4010,0x00000000eaf00000)
  to   space 1024K, 0% used [0x00000000eaf00000,0x00000000eaf00000,0x00000000eb000000)
 ParOldGen       total 384512K, used 323783K [0x00000000c0000000, 0x00000000d7780000, 0x00000000eab00000)
  object space 384512K, 84% used [0x00000000c0000000,0x00000000d3c31f50,0x00000000d7780000)
 Metaspace       used 63189K, committed 64576K, reserved 1114112K
  class space    used 6614K, committed 7232K, reserved 1048576K
}
Event: 54.148 GC heap after
{Heap after GC invocations=485 (full 3):
 PSYoungGen      total 4096K, used 786K [0x00000000eab00000, 0x00000000eb000000, 0x0000000100000000)
  eden space 3072K, 0% used [0x00000000eab00000,0x00000000eab00000,0x00000000eae00000)
  from space 1024K, 76% used [0x00000000eaf00000,0x00000000eafc4b70,0x00000000eb000000)
  to   space 1024K, 0% used [0x00000000eae00000,0x00000000eae00000,0x00000000eaf00000)
 ParOldGen       total 384512K, used 324262K [0x00000000c0000000, 0x00000000d7780000, 0x00000000eab00000)
  object space 384512K, 84% used [0x00000000c0000000,0x00000000d3ca9a58,0x00000000d7780000)
 Metaspace       used 63189K, committed 64576K, reserved 1114112K
  class space    used 6614K, committed 7232K, reserved 1048576K
}
Event: 54.175 GC heap before
{Heap before GC invocations=486 (full 3):
 PSYoungGen      total 4096K, used 3858K [0x00000000eab00000, 0x00000000eb000000, 0x0000000100000000)
  eden space 3072K, 100% used [0x00000000eab00000,0x00000000eae00000,0x00000000eae00000)
  from space 1024K, 76% used [0x00000000eaf00000,0x00000000eafc4b70,0x00000000eb000000)
  to   space 1024K, 0% used [0x00000000eae00000,0x00000000eae00000,0x00000000eaf00000)
 ParOldGen       total 384512K, used 324262K [0x00000000c0000000, 0x00000000d7780000, 0x00000000eab00000)
  object space 384512K, 84% used [0x00000000c0000000,0x00000000d3ca9a58,0x00000000d7780000)
 Metaspace       used 63189K, committed 64576K, reserved 1114112K
  class space    used 6614K, committed 7232K, reserved 1048576K
}
Event: 54.180 GC heap after
{Heap after GC invocations=486 (full 3):
 PSYoungGen      total 4096K, used 480K [0x00000000eab00000, 0x00000000eb000000, 0x0000000100000000)
  eden space 3072K, 0% used [0x00000000eab00000,0x00000000eab00000,0x00000000eae00000)
  from space 1024K, 46% used [0x00000000eae00000,0x00000000eae78000,0x00000000eaf00000)
  to   space 1024K, 0% used [0x00000000eaf00000,0x00000000eaf00000,0x00000000eb000000)
 ParOldGen       total 384512K, used 324750K [0x00000000c0000000, 0x00000000d7780000, 0x00000000eab00000)
  object space 384512K, 84% used [0x00000000c0000000,0x00000000d3d23a58,0x00000000d7780000)
 Metaspace       used 63189K, committed 64576K, reserved 1114112K
  class space    used 6614K, committed 7232K, reserved 1048576K
}
Event: 54.196 GC heap before
{Heap before GC invocations=487 (full 3):
 PSYoungGen      total 4096K, used 3552K [0x00000000eab00000, 0x00000000eb000000, 0x0000000100000000)
  eden space 3072K, 100% used [0x00000000eab00000,0x00000000eae00000,0x00000000eae00000)
  from space 1024K, 46% used [0x00000000eae00000,0x00000000eae78000,0x00000000eaf00000)
  to   space 1024K, 0% used [0x00000000eaf00000,0x00000000eaf00000,0x00000000eb000000)
 ParOldGen       total 384512K, used 324752K [0x00000000c0000000, 0x00000000d7780000, 0x00000000eab00000)
  object space 384512K, 84% used [0x00000000c0000000,0x00000000d3d242b0,0x00000000d7780000)
 Metaspace       used 63189K, committed 64576K, reserved 1114112K
  class space    used 6614K, committed 7232K, reserved 1048576K
}
Event: 54.201 GC heap after
{Heap after GC invocations=487 (full 3):
 PSYoungGen      total 4608K, used 496K [0x00000000eab00000, 0x00000000eb000000, 0x0000000100000000)
  eden space 3584K, 0% used [0x00000000eab00000,0x00000000eab00000,0x00000000eae80000)
  from space 1024K, 48% used [0x00000000eaf00000,0x00000000eaf7c010,0x00000000eb000000)
  to   space 512K, 0% used [0x00000000eae80000,0x00000000eae80000,0x00000000eaf00000)
 ParOldGen       total 384512K, used 325144K [0x00000000c0000000, 0x00000000d7780000, 0x00000000eab00000)
  object space 384512K, 84% used [0x00000000c0000000,0x00000000d3d862b0,0x00000000d7780000)
 Metaspace       used 63189K, committed 64576K, reserved 1114112K
  class space    used 6614K, committed 7232K, reserved 1048576K
}
Event: 54.222 GC heap before
{Heap before GC invocations=488 (full 3):
 PSYoungGen      total 4608K, used 4080K [0x00000000eab00000, 0x00000000eb000000, 0x0000000100000000)
  eden space 3584K, 100% used [0x00000000eab00000,0x00000000eae80000,0x00000000eae80000)
  from space 1024K, 48% used [0x00000000eaf00000,0x00000000eaf7c010,0x00000000eb000000)
  to   space 512K, 0% used [0x00000000eae80000,0x00000000eae80000,0x00000000eaf00000)
 ParOldGen       total 384512K, used 325144K [0x00000000c0000000, 0x00000000d7780000, 0x00000000eab00000)
  object space 384512K, 84% used [0x00000000c0000000,0x00000000d3d862b0,0x00000000d7780000)
 Metaspace       used 63189K, committed 64576K, reserved 1114112K
  class space    used 6614K, committed 7232K, reserved 1048576K
}
Event: 54.225 GC heap after
{Heap after GC invocations=488 (full 3):
 PSYoungGen      total 4096K, used 512K [0x00000000eab00000, 0x00000000eb000000, 0x0000000100000000)
  eden space 3584K, 0% used [0x00000000eab00000,0x00000000eab00000,0x00000000eae80000)
  from space 512K, 100% used [0x00000000eae80000,0x00000000eaf00000,0x00000000eaf00000)
  to   space 1024K, 0% used [0x00000000eaf00000,0x00000000eaf00000,0x00000000eb000000)
 ParOldGen       total 384512K, used 325528K [0x00000000c0000000, 0x00000000d7780000, 0x00000000eab00000)
  object space 384512K, 84% used [0x00000000c0000000,0x00000000d3de62b0,0x00000000d7780000)
 Metaspace       used 63189K, committed 64576K, reserved 1114112K
  class space    used 6614K, committed 7232K, reserved 1048576K
}
Event: 54.237 GC heap before
{Heap before GC invocations=489 (full 3):
 PSYoungGen      total 4096K, used 4096K [0x00000000eab00000, 0x00000000eb000000, 0x0000000100000000)
  eden space 3584K, 100% used [0x00000000eab00000,0x00000000eae80000,0x00000000eae80000)
  from space 512K, 100% used [0x00000000eae80000,0x00000000eaf00000,0x00000000eaf00000)
  to   space 1024K, 0% used [0x00000000eaf00000,0x00000000eaf00000,0x00000000eb000000)
 ParOldGen       total 384512K, used 325528K [0x00000000c0000000, 0x00000000d7780000, 0x00000000eab00000)
  object space 384512K, 84% used [0x00000000c0000000,0x00000000d3de62b0,0x00000000d7780000)
 Metaspace       used 63191K, committed 64576K, reserved 1114112K
  class space    used 6614K, committed 7232K, reserved 1048576K
}
Event: 54.245 GC heap after
{Heap after GC invocations=489 (full 3):
 PSYoungGen      total 4608K, used 544K [0x00000000eab00000, 0x00000000eb000000, 0x0000000100000000)
  eden space 3584K, 0% used [0x00000000eab00000,0x00000000eab00000,0x00000000eae80000)
  from space 1024K, 53% used [0x00000000eaf00000,0x00000000eaf88000,0x00000000eb000000)
  to   space 512K, 0% used [0x00000000eae80000,0x00000000eae80000,0x00000000eaf00000)
 ParOldGen       total 384512K, used 325984K [0x00000000c0000000, 0x00000000d7780000, 0x00000000eab00000)
  object space 384512K, 84% used [0x00000000c0000000,0x00000000d3e582b0,0x00000000d7780000)
 Metaspace       used 63191K, committed 64576K, reserved 1114112K
  class space    used 6614K, committed 7232K, reserved 1048576K
}
Event: 54.274 GC heap before
{Heap before GC invocations=490 (full 3):
 PSYoungGen      total 4608K, used 4122K [0x00000000eab00000, 0x00000000eb000000, 0x0000000100000000)
  eden space 3584K, 99% used [0x00000000eab00000,0x00000000eae7eac0,0x00000000eae80000)
  from space 1024K, 53% used [0x00000000eaf00000,0x00000000eaf88000,0x00000000eb000000)
  to   space 512K, 0% used [0x00000000eae80000,0x00000000eae80000,0x00000000eaf00000)
 ParOldGen       total 384512K, used 325984K [0x00000000c0000000, 0x00000000d7780000, 0x00000000eab00000)
  object space 384512K, 84% used [0x00000000c0000000,0x00000000d3e582b0,0x00000000d7780000)
 Metaspace       used 63191K, committed 64576K, reserved 1114112K
  class space    used 6614K, committed 7232K, reserved 1048576K
}
Event: 54.277 GC heap after
{Heap after GC invocations=490 (full 3):
 PSYoungGen      total 4096K, used 480K [0x00000000eab00000, 0x00000000eb000000, 0x0000000100000000)
  eden space 3584K, 0% used [0x00000000eab00000,0x00000000eab00000,0x00000000eae80000)
  from space 512K, 93% used [0x00000000eae80000,0x00000000eaef8020,0x00000000eaf00000)
  to   space 1024K, 0% used [0x00000000eaf00000,0x00000000eaf00000,0x00000000eb000000)
 ParOldGen       total 384512K, used 326656K [0x00000000c0000000, 0x00000000d7780000, 0x00000000eab00000)
  object space 384512K, 84% used [0x00000000c0000000,0x00000000d3f002b8,0x00000000d7780000)
 Metaspace       used 63191K, committed 64576K, reserved 1114112K
  class space    used 6614K, committed 7232K, reserved 1048576K
}
Event: 54.299 GC heap before
{Heap before GC invocations=491 (full 3):
 PSYoungGen      total 4096K, used 4064K [0x00000000eab00000, 0x00000000eb000000, 0x0000000100000000)
  eden space 3584K, 100% used [0x00000000eab00000,0x00000000eae80000,0x00000000eae80000)
  from space 512K, 93% used [0x00000000eae80000,0x00000000eaef8020,0x00000000eaf00000)
  to   space 1024K, 0% used [0x00000000eaf00000,0x00000000eaf00000,0x00000000eb000000)
 ParOldGen       total 384512K, used 326656K [0x00000000c0000000, 0x00000000d7780000, 0x00000000eab00000)
  object space 384512K, 84% used [0x00000000c0000000,0x00000000d3f002b8,0x00000000d7780000)
 Metaspace       used 63207K, committed 64576K, reserved 1114112K
  class space    used 6614K, committed 7232K, reserved 1048576K
}
Event: 54.302 GC heap after
{Heap after GC invocations=491 (full 3):
 PSYoungGen      total 4096K, used 512K [0x00000000eab00000, 0x00000000eb080000, 0x0000000100000000)
  eden space 3072K, 0% used [0x00000000eab00000,0x00000000eab00000,0x00000000eae00000)
  from space 1024K, 50% used [0x00000000eaf00000,0x00000000eaf80000,0x00000000eb000000)
  to   space 1024K, 0% used [0x00000000eae00000,0x00000000eae00000,0x00000000eaf00000)
 ParOldGen       total 384512K, used 327032K [0x00000000c0000000, 0x00000000d7780000, 0x00000000eab00000)
  object space 384512K, 85% used [0x00000000c0000000,0x00000000d3f5e2b8,0x00000000d7780000)
 Metaspace       used 63207K, committed 64576K, reserved 1114112K
  class space    used 6614K, committed 7232K, reserved 1048576K
}

